<?xml version="1.0" encoding="UTF-8"?>
<!-- Generated by org.testng.reporters.JUnitXMLReporter -->
<testsuite hostname="SLB-DW752X2" ignored="0" name="Test2" tests="1" failures="1" timestamp="11 Jul 2020 21:08:27 GMT" time="10.606" errors="0">
  <testcase name="navigationBarCheck" time="0.102" classname="Academy.navBarCheck">
    <failure type="java.lang.AssertionError" message="expected [false] but found [true]">
      <![CDATA[java.lang.AssertionError: expected [false] but found [true]
at Academy.navBarCheck.navigationBarCheck(navBarCheck.java:40)
at java.util.concurrent.FutureTask.run(FutureTask.java:266)
at java.util.concurrent.ThreadPoolExecutor.runWorker(ThreadPoolExecutor.java:1149)
at java.util.concurrent.ThreadPoolExecutor$Worker.run(ThreadPoolExecutor.java:624)
at java.lang.Thread.run(Thread.java:748)
... Removed 20 stack frames]]>
    </failure>
  </testcase> <!-- navigationBarCheck -->
</testsuite> <!-- Test2 -->
