<?xml version="1.0" encoding="UTF-8"?>
<!-- Generated by org.testng.reporters.JUnitXMLReporter -->
<testsuite hostname="SLB-DW752X2" ignored="1" name="Regression" tests="3" failures="1" timestamp="2020-02-18T20:42:48 IST" time="0.05" errors="0">
  <testcase name="C" time="0.007" classname="T.Alphabetic"/>
  <testcase name="A" time="0.001" classname="T.Alphabetic"/>
  <testcase name="B" time="0.006" classname="T.Alphabetic">
    <failure type="java.lang.AssertionError" message="did not expect to find [true] but found [false]">
      <![CDATA[java.lang.AssertionError: did not expect to find [true] but found [false]
at T.Alphabetic.B(Alphabetic.java:23)
at java.util.ArrayList.forEach(Unknown Source)
... Removed 31 stack frames]]>
    </failure>
  </testcase> <!-- B -->
  <testcase name="D" time="0.0" classname="T.Alphabetic">
    <ignored/>
  </testcase> <!-- D -->
</testsuite> <!-- Regression -->
