<!DOCTYPE html PUBLIC "-//W3C//DTD XHTML 1.1//EN" "http://www.w3.org/TR/xhtml11/DTD/xhtml11.dtd">
<html xmlns="http://www.w3.org/1999/xhtml">
<head>
<meta http-equiv="content-type" content="text/html; charset=UTF-8"/>
<title>TestNG Report</title>
<style type="text/css">table {margin-bottom:10px;border-collapse:collapse;empty-cells:show}th,td {border:1px solid #009;padding:.25em .5em}th {vertical-align:bottom}td {vertical-align:top}table a {font-weight:bold}.stripe td {background-color: #E6EBF9}.num {text-align:right}.passedodd td {background-color: #3F3}.passedeven td {background-color: #0A0}.skippedodd td {background-color: #DDD}.skippedeven td {background-color: #CCC}.failedodd td,.attn {background-color: #F33}.failedeven td,.stripe .attn {background-color: #D00}.stacktrace {white-space:pre;font-family:monospace}.totop {font-size:85%;text-align:center;border-bottom:2px solid #000}.invisible {display:none}</style>
</head>
<body>
<table>
<tr><th>Test</th><th># Passed</th><th># Skipped</th><th># Retried</th><th># Failed</th><th>Time (ms)</th><th>Included Groups</th><th>Excluded Groups</th></tr>
<tr><th colspan="7">Suite</th></tr>
<tr><td><a href="#t0">Car Loan</a></td><td class="num">3</td><td class="num">0</td><td class="num">0</td><td class="num">0</td><td class="num">39</td><td></td><td></td></tr>
<tr class="stripe"><td><a href="#t1">Home Loan</a></td><td class="num">1</td><td class="num">0</td><td class="num">0</td><td class="num">0</td><td class="num">6</td><td></td><td></td></tr>
<tr><td><a href="#t2">Personal Loan</a></td><td class="num">7</td><td class="num attn">2</td><td class="num">0</td><td class="num attn">8</td><td class="num">4,865</td><td></td><td></td></tr>
<tr><th>Total</th><th class="num">11</th><th class="num attn">2</th><th class="num">0</th><th class="num attn">8</th><th class="num">4,910</th><th colspan="2"></th></tr>
</table>
<table id='summary'><thead><tr><th>Class</th><th>Method</th><th>Start</th><th>Time (ms)</th></tr></thead><tbody><tr><th colspan="4">Suite</th></tr></tbody><tbody id="t0"><tr><th colspan="4">Car Loan &#8212; passed</th></tr><tr class="passedeven"><td rowspan="3">T.CLoan</td><td><a href="#m0">CloanAPILogin</a></td><td rowspan="1">1592937272937</td><td rowspan="1">5</td></tr><tr class="passedeven"><td><a href="#m1">CloanMLogin</a></td><td rowspan="1">1592937272946</td><td rowspan="1">2</td></tr><tr class="passedeven"><td><a href="#m2">CloanWLogin</a></td><td rowspan="1">1592937272951</td><td rowspan="1">2</td></tr></tbody>
<tbody id="t1"><tr><th colspan="4">Home Loan &#8212; passed</th></tr><tr class="passedeven"><td rowspan="1">T.HLoan</td><td><a href="#m3">Smok2</a></td><td rowspan="1">1592937272993</td><td rowspan="1">1</td></tr></tbody>
<tbody id="t2"><tr><th colspan="4">Personal Loan &#8212; failed</th></tr><tr class="failedeven"><td rowspan="1">T.Alphabetic</td><td><a href="#m4">C</a></td><td rowspan="1">1592937273014</td><td rowspan="1">0</td></tr><tr class="failedodd"><td rowspan="1">T.CheckBox_Practise</td><td><a href="#m5">CheckBoxPractise</a></td><td rowspan="1">1592937273027</td><td rowspan="1">1649</td></tr><tr class="failedeven"><td rowspan="1">T.ChildWindow_WindowHandler</td><td><a href="#m6">HandleChildWindows</a></td><td rowspan="1">1592937274678</td><td rowspan="1">1054</td></tr><tr class="failedodd"><td rowspan="2">T.DataDriving</td><td><a href="#m7">LogIn</a></td><td rowspan="1">1592937275746</td><td rowspan="1">1069</td></tr><tr class="failedodd"><td><a href="#m8">launchGoogle</a></td><td rowspan="1">1592937276816</td><td rowspan="1">1</td></tr><tr class="failedeven"><td rowspan="3">T.GetTitle</td><td><a href="#m9">LogIn</a></td><td rowspan="1">1592937276817</td><td rowspan="1">1051</td></tr><tr class="failedeven"><td><a href="#m10">Title</a></td><td rowspan="1">1592937277870</td><td rowspan="1">1</td></tr><tr class="failedeven"><td><a href="#m11">launchGoogle</a></td><td rowspan="1">1592937277869</td><td rowspan="1">1</td></tr><tr><th colspan="4">Personal Loan &#8212; skipped</th></tr><tr class="skippedeven"><td rowspan="2">T.Alphabetic</td><td><a href="#m12">A</a></td><td rowspan="1">1592937273022</td><td rowspan="1">0</td></tr><tr class="skippedeven"><td><a href="#m13">B</a></td><td rowspan="1">1592937273025</td><td rowspan="1">0</td></tr><tr><th colspan="4">Personal Loan &#8212; passed</th></tr><tr class="passedeven"><td rowspan="4">T.CLoan</td><td><a href="#m14">CloanAPILogin</a></td><td rowspan="1">1592937275737</td><td rowspan="1">1</td></tr><tr class="passedeven"><td><a href="#m15">CloanMLogin</a></td><td rowspan="1">1592937275739</td><td rowspan="1">1</td></tr><tr class="passedeven"><td><a href="#m16">CloanWLogin</a></td><td rowspan="1">1592937275741</td><td rowspan="1">1</td></tr><tr class="passedeven"><td><a href="#m17">Smoke1</a></td><td rowspan="1">1592937275744</td><td rowspan="1">1</td></tr><tr class="passedodd"><td rowspan="1">T.HLoan</td><td><a href="#m18">Smok2</a></td><td rowspan="1">1592937277872</td><td rowspan="1">0</td></tr><tr class="passedeven"><td rowspan="2">T.PLoan</td><td><a href="#m19">PloanMobileLogin</a></td><td rowspan="1">1592937273015</td><td rowspan="1">1</td></tr><tr class="passedeven"><td><a href="#m20">Smoke3</a></td><td rowspan="1">1592937273019</td><td rowspan="1">1</td></tr></tbody>
</table>
<h2>Car Loan</h2><h3 id="m0">T.CLoan#CloanAPILogin</h3><table class="result"><tr><th class="invisible"/></tr></table><p class="totop"><a href="#summary">back to summary</a></p>
<h3 id="m1">T.CLoan#CloanMLogin</h3><table class="result"><tr><th class="invisible"/></tr></table><p class="totop"><a href="#summary">back to summary</a></p>
<h3 id="m2">T.CLoan#CloanWLogin</h3><table class="result"><tr><th class="invisible"/></tr></table><p class="totop"><a href="#summary">back to summary</a></p>
<h2>Home Loan</h2><h3 id="m3">T.HLoan#Smok2</h3><table class="result"><tr><th class="invisible"/></tr></table><p class="totop"><a href="#summary">back to summary</a></p>
<h2>Personal Loan</h2><h3 id="m4">T.Alphabetic#C</h3><table class="result"><tr><th>Exception</th></tr><tr><td><div class="stacktrace">org.testng.TestNGException: 
Parameter &apos;URL&apos; is required by @Test on method C but has not been marked @Optional or defined
in C:\Users\Mpandey9\eclipse-workspace\Selenium_Framework\testng.xml
	at java.util.ArrayList.forEach(Unknown Source)
... Removed 26 stack frames</div></td></tr></table><p class="totop"><a href="#summary">back to summary</a></p>
<h3 id="m5">T.CheckBox_Practise#CheckBoxPractise</h3><table class="result"><tr><th>Exception</th></tr><tr><td><div class="stacktrace">org.openqa.selenium.SessionNotCreatedException: session not created: This version of ChromeDriver only supports Chrome version 80
Build info: version: &apos;3.141.59&apos;, revision: &apos;e82be7d358&apos;, time: &apos;2018-11-14T08:25:48&apos;
System info: host: &apos;SLB-DW752X2&apos;, ip: &apos;100.81.173.115&apos;, os.name: &apos;Windows 10&apos;, os.arch: &apos;amd64&apos;, os.version: &apos;10.0&apos;, java.version: &apos;1.8.0_231&apos;
Driver info: driver.version: ChromeDriver
remote stacktrace: Backtrace:
	Ordinal0 [0x00380AE3+1706723]
	Ordinal0 [0x002E68C1+1075393]
	Ordinal0 [0x0025DFA9+516009]
	Ordinal0 [0x001F0554+66900]
	Ordinal0 [0x001ECCE2+52450]
	Ordinal0 [0x0020BFD7+180183]
	Ordinal0 [0x0020BDDD+179677]
	Ordinal0 [0x00209D4B+171339]
	Ordinal0 [0x001F1D4A+73034]
	Ordinal0 [0x001F2DC0+77248]
	Ordinal0 [0x001F2D59+77145]
	Ordinal0 [0x002FBB37+1162039]
	GetHandleVerifier [0x0041A7C6+508998]
	GetHandleVerifier [0x0041A504+508292]
	GetHandleVerifier [0x0042F617+594583]
	GetHandleVerifier [0x0041B036+511158]
	Ordinal0 [0x002F3FFC+1130492]
	Ordinal0 [0x002FD49B+1168539]
	Ordinal0 [0x002FD603+1168899]
	Ordinal0 [0x00315B05+1268485]
	BaseThreadInitThunk [0x73EE8494+36]
	RtlAreBitsSet [0x77604328+136]
	RtlAreBitsSet [0x776042F8+88]

	at org.openqa.selenium.remote.W3CHandshakeResponse.lambda$errorHandler$0(W3CHandshakeResponse.java:62)
	at org.openqa.selenium.remote.HandshakeResponse.lambda$getResponseFunction$0(HandshakeResponse.java:30)
	at org.openqa.selenium.remote.ProtocolHandshake.lambda$createSession$0(ProtocolHandshake.java:126)
	at java.util.stream.ReferencePipeline$3$1.accept(Unknown Source)
	at java.util.Spliterators$ArraySpliterator.tryAdvance(Unknown Source)
	at java.util.stream.ReferencePipeline.forEachWithCancel(Unknown Source)
	at java.util.stream.AbstractPipeline.copyIntoWithCancel(Unknown Source)
	at java.util.stream.AbstractPipeline.copyInto(Unknown Source)
	at java.util.stream.AbstractPipeline.wrapAndCopyInto(Unknown Source)
	at java.util.stream.FindOps$FindOp.evaluateSequential(Unknown Source)
	at java.util.stream.AbstractPipeline.evaluate(Unknown Source)
	at java.util.stream.ReferencePipeline.findFirst(Unknown Source)
	at org.openqa.selenium.remote.ProtocolHandshake.createSession(ProtocolHandshake.java:128)
	at org.openqa.selenium.remote.ProtocolHandshake.createSession(ProtocolHandshake.java:74)
	at org.openqa.selenium.remote.HttpCommandExecutor.execute(HttpCommandExecutor.java:136)
	at org.openqa.selenium.remote.service.DriverCommandExecutor.execute(DriverCommandExecutor.java:83)
	at org.openqa.selenium.remote.RemoteWebDriver.execute(RemoteWebDriver.java:552)
	at org.openqa.selenium.remote.RemoteWebDriver.startSession(RemoteWebDriver.java:213)
	at org.openqa.selenium.remote.RemoteWebDriver.&lt;init&gt;(RemoteWebDriver.java:131)
	at org.openqa.selenium.chrome.ChromeDriver.&lt;init&gt;(ChromeDriver.java:181)
	at org.openqa.selenium.chrome.ChromeDriver.&lt;init&gt;(ChromeDriver.java:168)
	at org.openqa.selenium.chrome.ChromeDriver.&lt;init&gt;(ChromeDriver.java:123)
	at T.CheckBox_Practise.CheckBoxPractise(CheckBox_Practise.java:21)
	at java.util.ArrayList.forEach(Unknown Source)
... Removed 31 stack frames</div></td></tr></table><p class="totop"><a href="#summary">back to summary</a></p>
<h3 id="m6">T.ChildWindow_WindowHandler#HandleChildWindows</h3><table class="result"><tr><th>Exception</th></tr><tr><td><div class="stacktrace">org.openqa.selenium.SessionNotCreatedException: session not created: This version of ChromeDriver only supports Chrome version 80
Build info: version: &apos;3.141.59&apos;, revision: &apos;e82be7d358&apos;, time: &apos;2018-11-14T08:25:48&apos;
System info: host: &apos;SLB-DW752X2&apos;, ip: &apos;100.81.173.115&apos;, os.name: &apos;Windows 10&apos;, os.arch: &apos;amd64&apos;, os.version: &apos;10.0&apos;, java.version: &apos;1.8.0_231&apos;
Driver info: driver.version: ChromeDriver
remote stacktrace: Backtrace:
	Ordinal0 [0x00380AE3+1706723]
	Ordinal0 [0x002E68C1+1075393]
	Ordinal0 [0x0025DFA9+516009]
	Ordinal0 [0x001F0554+66900]
	Ordinal0 [0x001ECCE2+52450]
	Ordinal0 [0x0020BFD7+180183]
	Ordinal0 [0x0020BDDD+179677]
	Ordinal0 [0x00209D4B+171339]
	Ordinal0 [0x001F1D4A+73034]
	Ordinal0 [0x001F2DC0+77248]
	Ordinal0 [0x001F2D59+77145]
	Ordinal0 [0x002FBB37+1162039]
	GetHandleVerifier [0x0041A7C6+508998]
	GetHandleVerifier [0x0041A504+508292]
	GetHandleVerifier [0x0042F617+594583]
	GetHandleVerifier [0x0041B036+511158]
	Ordinal0 [0x002F3FFC+1130492]
	Ordinal0 [0x002FD49B+1168539]
	Ordinal0 [0x002FD603+1168899]
	Ordinal0 [0x00315B05+1268485]
	BaseThreadInitThunk [0x73EE8494+36]
	RtlAreBitsSet [0x77604328+136]
	RtlAreBitsSet [0x776042F8+88]

	at org.openqa.selenium.remote.W3CHandshakeResponse.lambda$errorHandler$0(W3CHandshakeResponse.java:62)
	at org.openqa.selenium.remote.HandshakeResponse.lambda$getResponseFunction$0(HandshakeResponse.java:30)
	at org.openqa.selenium.remote.ProtocolHandshake.lambda$createSession$0(ProtocolHandshake.java:126)
	at java.util.stream.ReferencePipeline$3$1.accept(Unknown Source)
	at java.util.Spliterators$ArraySpliterator.tryAdvance(Unknown Source)
	at java.util.stream.ReferencePipeline.forEachWithCancel(Unknown Source)
	at java.util.stream.AbstractPipeline.copyIntoWithCancel(Unknown Source)
	at java.util.stream.AbstractPipeline.copyInto(Unknown Source)
	at java.util.stream.AbstractPipeline.wrapAndCopyInto(Unknown Source)
	at java.util.stream.FindOps$FindOp.evaluateSequential(Unknown Source)
	at java.util.stream.AbstractPipeline.evaluate(Unknown Source)
	at java.util.stream.ReferencePipeline.findFirst(Unknown Source)
	at org.openqa.selenium.remote.ProtocolHandshake.createSession(ProtocolHandshake.java:128)
	at org.openqa.selenium.remote.ProtocolHandshake.createSession(ProtocolHandshake.java:74)
	at org.openqa.selenium.remote.HttpCommandExecutor.execute(HttpCommandExecutor.java:136)
	at org.openqa.selenium.remote.service.DriverCommandExecutor.execute(DriverCommandExecutor.java:83)
	at org.openqa.selenium.remote.RemoteWebDriver.execute(RemoteWebDriver.java:552)
	at org.openqa.selenium.remote.RemoteWebDriver.startSession(RemoteWebDriver.java:213)
	at org.openqa.selenium.remote.RemoteWebDriver.&lt;init&gt;(RemoteWebDriver.java:131)
	at org.openqa.selenium.chrome.ChromeDriver.&lt;init&gt;(ChromeDriver.java:181)
	at org.openqa.selenium.chrome.ChromeDriver.&lt;init&gt;(ChromeDriver.java:168)
	at org.openqa.selenium.chrome.ChromeDriver.&lt;init&gt;(ChromeDriver.java:123)
	at T.ChildWindow_WindowHandler.HandleChildWindows(ChildWindow_WindowHandler.java:21)
	at java.util.ArrayList.forEach(Unknown Source)
... Removed 31 stack frames</div></td></tr></table><p class="totop"><a href="#summary">back to summary</a></p>
<h3 id="m7">T.DataDriving#LogIn</h3><table class="result"><tr><th>Exception</th></tr><tr><td><div class="stacktrace">org.openqa.selenium.SessionNotCreatedException: session not created: This version of ChromeDriver only supports Chrome version 80
Build info: version: &apos;3.141.59&apos;, revision: &apos;e82be7d358&apos;, time: &apos;2018-11-14T08:25:48&apos;
System info: host: &apos;SLB-DW752X2&apos;, ip: &apos;100.81.173.115&apos;, os.name: &apos;Windows 10&apos;, os.arch: &apos;amd64&apos;, os.version: &apos;10.0&apos;, java.version: &apos;1.8.0_231&apos;
Driver info: driver.version: ChromeDriver
remote stacktrace: Backtrace:
	Ordinal0 [0x00380AE3+1706723]
	Ordinal0 [0x002E68C1+1075393]
	Ordinal0 [0x0025DFA9+516009]
	Ordinal0 [0x001F0554+66900]
	Ordinal0 [0x001ECCE2+52450]
	Ordinal0 [0x0020BFD7+180183]
	Ordinal0 [0x0020BDDD+179677]
	Ordinal0 [0x00209D4B+171339]
	Ordinal0 [0x001F1D4A+73034]
	Ordinal0 [0x001F2DC0+77248]
	Ordinal0 [0x001F2D59+77145]
	Ordinal0 [0x002FBB37+1162039]
	GetHandleVerifier [0x0041A7C6+508998]
	GetHandleVerifier [0x0041A504+508292]
	GetHandleVerifier [0x0042F617+594583]
	GetHandleVerifier [0x0041B036+511158]
	Ordinal0 [0x002F3FFC+1130492]
	Ordinal0 [0x002FD49B+1168539]
	Ordinal0 [0x002FD603+1168899]
	Ordinal0 [0x00315B05+1268485]
	BaseThreadInitThunk [0x73EE8494+36]
	RtlAreBitsSet [0x77604328+136]
	RtlAreBitsSet [0x776042F8+88]

	at org.openqa.selenium.remote.W3CHandshakeResponse.lambda$errorHandler$0(W3CHandshakeResponse.java:62)
	at org.openqa.selenium.remote.HandshakeResponse.lambda$getResponseFunction$0(HandshakeResponse.java:30)
	at org.openqa.selenium.remote.ProtocolHandshake.lambda$createSession$0(ProtocolHandshake.java:126)
	at java.util.stream.ReferencePipeline$3$1.accept(Unknown Source)
	at java.util.Spliterators$ArraySpliterator.tryAdvance(Unknown Source)
	at java.util.stream.ReferencePipeline.forEachWithCancel(Unknown Source)
	at java.util.stream.AbstractPipeline.copyIntoWithCancel(Unknown Source)
	at java.util.stream.AbstractPipeline.copyInto(Unknown Source)
	at java.util.stream.AbstractPipeline.wrapAndCopyInto(Unknown Source)
	at java.util.stream.FindOps$FindOp.evaluateSequential(Unknown Source)
	at java.util.stream.AbstractPipeline.evaluate(Unknown Source)
	at java.util.stream.ReferencePipeline.findFirst(Unknown Source)
	at org.openqa.selenium.remote.ProtocolHandshake.createSession(ProtocolHandshake.java:128)
	at org.openqa.selenium.remote.ProtocolHandshake.createSession(ProtocolHandshake.java:74)
	at org.openqa.selenium.remote.HttpCommandExecutor.execute(HttpCommandExecutor.java:136)
	at org.openqa.selenium.remote.service.DriverCommandExecutor.execute(DriverCommandExecutor.java:83)
	at org.openqa.selenium.remote.RemoteWebDriver.execute(RemoteWebDriver.java:552)
	at org.openqa.selenium.remote.RemoteWebDriver.startSession(RemoteWebDriver.java:213)
	at org.openqa.selenium.remote.RemoteWebDriver.&lt;init&gt;(RemoteWebDriver.java:131)
	at org.openqa.selenium.chrome.ChromeDriver.&lt;init&gt;(ChromeDriver.java:181)
	at org.openqa.selenium.chrome.ChromeDriver.&lt;init&gt;(ChromeDriver.java:168)
	at org.openqa.selenium.chrome.ChromeDriver.&lt;init&gt;(ChromeDriver.java:123)
	at T.DataDriving.LogIn(DataDriving.java:28)
	at java.util.ArrayList.forEach(Unknown Source)
... Removed 31 stack frames</div></td></tr></table><p class="totop"><a href="#summary">back to summary</a></p>
<h3 id="m8">T.DataDriving#launchGoogle</h3><table class="result"><tr><th>Exception</th></tr><tr><td><div class="stacktrace">java.lang.NullPointerException
	at T.DataDriving.launchGoogle(DataDriving.java:48)
	at java.util.ArrayList.forEach(Unknown Source)
... Removed 27 stack frames</div></td></tr></table><p class="totop"><a href="#summary">back to summary</a></p>
<h3 id="m9">T.GetTitle#LogIn</h3><table class="result"><tr><th>Exception</th></tr><tr><td><div class="stacktrace">org.openqa.selenium.SessionNotCreatedException: session not created: This version of ChromeDriver only supports Chrome version 80
Build info: version: &apos;3.141.59&apos;, revision: &apos;e82be7d358&apos;, time: &apos;2018-11-14T08:25:48&apos;
System info: host: &apos;SLB-DW752X2&apos;, ip: &apos;100.81.173.115&apos;, os.name: &apos;Windows 10&apos;, os.arch: &apos;amd64&apos;, os.version: &apos;10.0&apos;, java.version: &apos;1.8.0_231&apos;
Driver info: driver.version: ChromeDriver
remote stacktrace: Backtrace:
	Ordinal0 [0x00380AE3+1706723]
	Ordinal0 [0x002E68C1+1075393]
	Ordinal0 [0x0025DFA9+516009]
	Ordinal0 [0x001F0554+66900]
	Ordinal0 [0x001ECCE2+52450]
	Ordinal0 [0x0020BFD7+180183]
	Ordinal0 [0x0020BDDD+179677]
	Ordinal0 [0x00209D4B+171339]
	Ordinal0 [0x001F1D4A+73034]
	Ordinal0 [0x001F2DC0+77248]
	Ordinal0 [0x001F2D59+77145]
	Ordinal0 [0x002FBB37+1162039]
	GetHandleVerifier [0x0041A7C6+508998]
	GetHandleVerifier [0x0041A504+508292]
	GetHandleVerifier [0x0042F617+594583]
	GetHandleVerifier [0x0041B036+511158]
	Ordinal0 [0x002F3FFC+1130492]
	Ordinal0 [0x002FD49B+1168539]
	Ordinal0 [0x002FD603+1168899]
	Ordinal0 [0x00315B05+1268485]
	BaseThreadInitThunk [0x73EE8494+36]
	RtlAreBitsSet [0x77604328+136]
	RtlAreBitsSet [0x776042F8+88]

	at org.openqa.selenium.remote.W3CHandshakeResponse.lambda$errorHandler$0(W3CHandshakeResponse.java:62)
	at org.openqa.selenium.remote.HandshakeResponse.lambda$getResponseFunction$0(HandshakeResponse.java:30)
	at org.openqa.selenium.remote.ProtocolHandshake.lambda$createSession$0(ProtocolHandshake.java:126)
	at java.util.stream.ReferencePipeline$3$1.accept(Unknown Source)
	at java.util.Spliterators$ArraySpliterator.tryAdvance(Unknown Source)
	at java.util.stream.ReferencePipeline.forEachWithCancel(Unknown Source)
	at java.util.stream.AbstractPipeline.copyIntoWithCancel(Unknown Source)
	at java.util.stream.AbstractPipeline.copyInto(Unknown Source)
	at java.util.stream.AbstractPipeline.wrapAndCopyInto(Unknown Source)
	at java.util.stream.FindOps$FindOp.evaluateSequential(Unknown Source)
	at java.util.stream.AbstractPipeline.evaluate(Unknown Source)
	at java.util.stream.ReferencePipeline.findFirst(Unknown Source)
	at org.openqa.selenium.remote.ProtocolHandshake.createSession(ProtocolHandshake.java:128)
	at org.openqa.selenium.remote.ProtocolHandshake.createSession(ProtocolHandshake.java:74)
	at org.openqa.selenium.remote.HttpCommandExecutor.execute(HttpCommandExecutor.java:136)
	at org.openqa.selenium.remote.service.DriverCommandExecutor.execute(DriverCommandExecutor.java:83)
	at org.openqa.selenium.remote.RemoteWebDriver.execute(RemoteWebDriver.java:552)
	at org.openqa.selenium.remote.RemoteWebDriver.startSession(RemoteWebDriver.java:213)
	at org.openqa.selenium.remote.RemoteWebDriver.&lt;init&gt;(RemoteWebDriver.java:131)
	at org.openqa.selenium.chrome.ChromeDriver.&lt;init&gt;(ChromeDriver.java:181)
	at org.openqa.selenium.chrome.ChromeDriver.&lt;init&gt;(ChromeDriver.java:168)
	at org.openqa.selenium.chrome.ChromeDriver.&lt;init&gt;(ChromeDriver.java:123)
	at T.DataDriving.LogIn(DataDriving.java:28)
	at java.util.ArrayList.forEach(Unknown Source)
... Removed 31 stack frames</div></td></tr></table><p class="totop"><a href="#summary">back to summary</a></p>
<h3 id="m10">T.GetTitle#Title</h3><table class="result"><tr><th>Exception</th></tr><tr><td><div class="stacktrace">java.lang.NullPointerException
	at T.GetTitle.Title(GetTitle.java:18)
	at java.util.ArrayList.forEach(Unknown Source)
... Removed 27 stack frames</div></td></tr></table><p class="totop"><a href="#summary">back to summary</a></p>
<h3 id="m11">T.GetTitle#launchGoogle</h3><table class="result"><tr><th>Exception</th></tr><tr><td><div class="stacktrace">java.lang.NullPointerException
	at T.DataDriving.launchGoogle(DataDriving.java:48)
	at java.util.ArrayList.forEach(Unknown Source)
... Removed 27 stack frames</div></td></tr></table><p class="totop"><a href="#summary">back to summary</a></p>
<h3 id="m12">T.Alphabetic#A</h3><table class="result"><tr><th>Exception</th></tr><tr><td><div class="stacktrace">java.lang.Throwable: Method Alphabetic.A(java.lang.String)[pri:0, instance:T.Alphabetic@71bbf57e] depends on not successfully finished methods
	at java.util.ArrayList.forEach(Unknown Source)
... Removed 18 stack frames</div></td></tr></table><p class="totop"><a href="#summary">back to summary</a></p>
<h3 id="m13">T.Alphabetic#B</h3><table class="result"><tr><th>Exception</th></tr><tr><td><div class="stacktrace">java.lang.Throwable: Method Alphabetic.B()[pri:0, instance:T.Alphabetic@71bbf57e] depends on not successfully finished methods
	at java.util.ArrayList.forEach(Unknown Source)
... Removed 18 stack frames</div></td></tr></table><p class="totop"><a href="#summary">back to summary</a></p>
<h3 id="m14">T.CLoan#CloanAPILogin</h3><table class="result"><tr><th class="invisible"/></tr></table><p class="totop"><a href="#summary">back to summary</a></p>
<h3 id="m15">T.CLoan#CloanMLogin</h3><table class="result"><tr><th class="invisible"/></tr></table><p class="totop"><a href="#summary">back to summary</a></p>
<h3 id="m16">T.CLoan#CloanWLogin</h3><table class="result"><tr><th class="invisible"/></tr></table><p class="totop"><a href="#summary">back to summary</a></p>
<h3 id="m17">T.CLoan#Smoke1</h3><table class="result"><tr><th class="invisible"/></tr></table><p class="totop"><a href="#summary">back to summary</a></p>
<h3 id="m18">T.HLoan#Smok2</h3><table class="result"><tr><th class="invisible"/></tr></table><p class="totop"><a href="#summary">back to summary</a></p>
<h3 id="m19">T.PLoan#PloanMobileLogin</h3><table class="result"><tr><th class="invisible"/></tr></table><p class="totop"><a href="#summary">back to summary</a></p>
<h3 id="m20">T.PLoan#Smoke3</h3><table class="result"><tr><th class="invisible"/></tr></table><p class="totop"><a href="#summary">back to summary</a></p>
</body>
</html>
