<?xml version="1.0" encoding="UTF-8"?>
<testng-results skipped="2" failed="8" ignored="2" total="23" passed="11">
  <reporter-output>
  </reporter-output>
  <suite name="Suite" duration-ms="4955" started-at="2020-06-24T00:04:32 IST" finished-at="2020-06-24T00:04:37 IST">
    <groups>
      <group name="Smoke">
        <method signature="HLoan.Smok2()[pri:0, instance:T.HLoan@49fc609f]" name="Smok2" class="T.HLoan"/>
        <method signature="CLoan.Smoke1()[pri:0, instance:T.CLoan@d44fc21]" name="Smoke1" class="T.CLoan"/>
        <method signature="HLoan.Smok2()[pri:0, instance:T.HLoan@4e7dc304]" name="Smok2" class="T.HLoan"/>
        <method signature="PLoan.Smoke3()[pri:0, instance:T.PLoan@711f39f9]" name="Smoke3" class="T.PLoan"/>
      </group> <!-- Smoke -->
    </groups>
    <test name="Car Loan" duration-ms="39" started-at="2020-06-24T00:04:32 IST" finished-at="2020-06-24T00:04:32 IST">
      <class name="T.CLoan">
        <test-method status="PASS" signature="Demo()[pri:0, instance:T.CLoan@57536d79]" name="Demo" is-config="true" duration-ms="0" started-at="2020-06-24T00:04:32 IST" finished-at="2020-06-24T00:04:32 IST">
          <reporter-output>
          </reporter-output>
        </test-method> <!-- Demo -->
        <test-method status="PASS" signature="CloanAPILogin()[pri:0, instance:T.CLoan@57536d79]" name="CloanAPILogin" duration-ms="5" started-at="2020-06-24T00:04:32 IST" finished-at="2020-06-24T00:04:32 IST">
          <reporter-output>
          </reporter-output>
        </test-method> <!-- CloanAPILogin -->
        <test-method status="PASS" signature="Demo()[pri:0, instance:T.CLoan@57536d79]" name="Demo" is-config="true" duration-ms="0" started-at="2020-06-24T00:04:32 IST" finished-at="2020-06-24T00:04:32 IST">
          <reporter-output>
          </reporter-output>
        </test-method> <!-- Demo -->
        <test-method status="PASS" signature="CloanMLogin()[pri:0, instance:T.CLoan@57536d79]" name="CloanMLogin" duration-ms="2" started-at="2020-06-24T00:04:32 IST" finished-at="2020-06-24T00:04:32 IST">
          <reporter-output>
          </reporter-output>
        </test-method> <!-- CloanMLogin -->
        <test-method status="PASS" signature="CloanWLogin()[pri:0, instance:T.CLoan@57536d79]" name="CloanWLogin" duration-ms="2" started-at="2020-06-24T00:04:32 IST" finished-at="2020-06-24T00:04:32 IST">
          <reporter-output>
          </reporter-output>
        </test-method> <!-- CloanWLogin -->
        <test-method status="PASS" signature="Demo()[pri:0, instance:T.CLoan@57536d79]" name="Demo" is-config="true" duration-ms="0" started-at="2020-06-24T00:04:32 IST" finished-at="2020-06-24T00:04:32 IST">
          <reporter-output>
          </reporter-output>
        </test-method> <!-- Demo -->
      </class> <!-- T.CLoan -->
    </test> <!-- Car Loan -->
    <test name="Home Loan" duration-ms="6" started-at="2020-06-24T00:04:32 IST" finished-at="2020-06-24T00:04:32 IST">
      <class name="T.HLoan">
        <test-method status="PASS" signature="Smok2()[pri:0, instance:T.HLoan@49fc609f]" name="Smok2" duration-ms="1" started-at="2020-06-24T00:04:32 IST" finished-at="2020-06-24T00:04:32 IST">
          <reporter-output>
          </reporter-output>
        </test-method> <!-- Smok2 -->
        <test-method status="PASS" signature="HLoanWebLogin()[pri:0, instance:T.HLoan@49fc609f]" name="HLoanWebLogin" is-config="true" duration-ms="0" started-at="2020-06-24T00:04:32 IST" finished-at="2020-06-24T00:04:32 IST">
          <reporter-output>
          </reporter-output>
        </test-method> <!-- HLoanWebLogin -->
      </class> <!-- T.HLoan -->
    </test> <!-- Home Loan -->
    <test name="Personal Loan" duration-ms="4865" started-at="2020-06-24T00:04:33 IST" finished-at="2020-06-24T00:04:37 IST">
      <class name="T.DataDriving">
        <test-method status="FAIL" signature="LogIn()[pri:0, instance:T.DataDriving@23faf8f2]" name="LogIn" duration-ms="1069" started-at="2020-06-24T00:04:35 IST" finished-at="2020-06-24T00:04:36 IST">
          <exception class="org.openqa.selenium.SessionNotCreatedException">
            <message>
              <![CDATA[session not created: This version of ChromeDriver only supports Chrome version 80
Build info: version: '3.141.59', revision: 'e82be7d358', time: '2018-11-14T08:25:48'
System info: host: 'SLB-DW752X2', ip: '100.81.173.115', os.name: 'Windows 10', os.arch: 'amd64', os.version: '10.0', java.version: '1.8.0_231'
Driver info: driver.version: ChromeDriver
remote stacktrace: Backtrace:
Ordinal0 [0x00380AE3+1706723]
Ordinal0 [0x002E68C1+1075393]
Ordinal0 [0x0025DFA9+516009]
Ordinal0 [0x001F0554+66900]
Ordinal0 [0x001ECCE2+52450]
Ordinal0 [0x0020BFD7+180183]
Ordinal0 [0x0020BDDD+179677]
Ordinal0 [0x00209D4B+171339]
Ordinal0 [0x001F1D4A+73034]
Ordinal0 [0x001F2DC0+77248]
Ordinal0 [0x001F2D59+77145]
Ordinal0 [0x002FBB37+1162039]
GetHandleVerifier [0x0041A7C6+508998]
GetHandleVerifier [0x0041A504+508292]
GetHandleVerifier [0x0042F617+594583]
GetHandleVerifier [0x0041B036+511158]
Ordinal0 [0x002F3FFC+1130492]
Ordinal0 [0x002FD49B+1168539]
Ordinal0 [0x002FD603+1168899]
Ordinal0 [0x00315B05+1268485]
BaseThreadInitThunk [0x73EE8494+36]
RtlAreBitsSet [0x77604328+136]
RtlAreBitsSet [0x776042F8+88]
]]>
            </message>
            <full-stacktrace>
              <![CDATA[org.openqa.selenium.SessionNotCreatedException: session not created: This version of ChromeDriver only supports Chrome version 80
Build info: version: '3.141.59', revision: 'e82be7d358', time: '2018-11-14T08:25:48'
System info: host: 'SLB-DW752X2', ip: '100.81.173.115', os.name: 'Windows 10', os.arch: 'amd64', os.version: '10.0', java.version: '1.8.0_231'
Driver info: driver.version: ChromeDriver
remote stacktrace: Backtrace:
Ordinal0 [0x00380AE3+1706723]
Ordinal0 [0x002E68C1+1075393]
Ordinal0 [0x0025DFA9+516009]
Ordinal0 [0x001F0554+66900]
Ordinal0 [0x001ECCE2+52450]
Ordinal0 [0x0020BFD7+180183]
Ordinal0 [0x0020BDDD+179677]
Ordinal0 [0x00209D4B+171339]
Ordinal0 [0x001F1D4A+73034]
Ordinal0 [0x001F2DC0+77248]
Ordinal0 [0x001F2D59+77145]
Ordinal0 [0x002FBB37+1162039]
GetHandleVerifier [0x0041A7C6+508998]
GetHandleVerifier [0x0041A504+508292]
GetHandleVerifier [0x0042F617+594583]
GetHandleVerifier [0x0041B036+511158]
Ordinal0 [0x002F3FFC+1130492]
Ordinal0 [0x002FD49B+1168539]
Ordinal0 [0x002FD603+1168899]
Ordinal0 [0x00315B05+1268485]
BaseThreadInitThunk [0x73EE8494+36]
RtlAreBitsSet [0x77604328+136]
RtlAreBitsSet [0x776042F8+88]

at sun.reflect.NativeConstructorAccessorImpl.newInstance0(Native Method)
at sun.reflect.NativeConstructorAccessorImpl.newInstance(Unknown Source)
at sun.reflect.DelegatingConstructorAccessorImpl.newInstance(Unknown Source)
at java.lang.reflect.Constructor.newInstance(Unknown Source)
at org.openqa.selenium.remote.W3CHandshakeResponse.lambda$errorHandler$0(W3CHandshakeResponse.java:62)
at org.openqa.selenium.remote.HandshakeResponse.lambda$getResponseFunction$0(HandshakeResponse.java:30)
at org.openqa.selenium.remote.ProtocolHandshake.lambda$createSession$0(ProtocolHandshake.java:126)
at java.util.stream.ReferencePipeline$3$1.accept(Unknown Source)
at java.util.Spliterators$ArraySpliterator.tryAdvance(Unknown Source)
at java.util.stream.ReferencePipeline.forEachWithCancel(Unknown Source)
at java.util.stream.AbstractPipeline.copyIntoWithCancel(Unknown Source)
at java.util.stream.AbstractPipeline.copyInto(Unknown Source)
at java.util.stream.AbstractPipeline.wrapAndCopyInto(Unknown Source)
at java.util.stream.FindOps$FindOp.evaluateSequential(Unknown Source)
at java.util.stream.AbstractPipeline.evaluate(Unknown Source)
at java.util.stream.ReferencePipeline.findFirst(Unknown Source)
at org.openqa.selenium.remote.ProtocolHandshake.createSession(ProtocolHandshake.java:128)
at org.openqa.selenium.remote.ProtocolHandshake.createSession(ProtocolHandshake.java:74)
at org.openqa.selenium.remote.HttpCommandExecutor.execute(HttpCommandExecutor.java:136)
at org.openqa.selenium.remote.service.DriverCommandExecutor.execute(DriverCommandExecutor.java:83)
at org.openqa.selenium.remote.RemoteWebDriver.execute(RemoteWebDriver.java:552)
at org.openqa.selenium.remote.RemoteWebDriver.startSession(RemoteWebDriver.java:213)
at org.openqa.selenium.remote.RemoteWebDriver.<init>(RemoteWebDriver.java:131)
at org.openqa.selenium.chrome.ChromeDriver.<init>(ChromeDriver.java:181)
at org.openqa.selenium.chrome.ChromeDriver.<init>(ChromeDriver.java:168)
at org.openqa.selenium.chrome.ChromeDriver.<init>(ChromeDriver.java:123)
at T.DataDriving.LogIn(DataDriving.java:28)
at sun.reflect.NativeMethodAccessorImpl.invoke0(Native Method)
at sun.reflect.NativeMethodAccessorImpl.invoke(Unknown Source)
at sun.reflect.DelegatingMethodAccessorImpl.invoke(Unknown Source)
at java.lang.reflect.Method.invoke(Unknown Source)
at org.testng.internal.MethodInvocationHelper.invokeMethod(MethodInvocationHelper.java:133)
at org.testng.internal.TestInvoker.invokeMethod(TestInvoker.java:584)
at org.testng.internal.TestInvoker.invokeTestMethod(TestInvoker.java:172)
at org.testng.internal.MethodRunner.runInSequence(MethodRunner.java:46)
at org.testng.internal.TestInvoker$MethodInvocationAgent.invoke(TestInvoker.java:804)
at org.testng.internal.TestInvoker.invokeTestMethods(TestInvoker.java:145)
at org.testng.internal.TestMethodWorker.invokeTestMethods(TestMethodWorker.java:146)
at org.testng.internal.TestMethodWorker.run(TestMethodWorker.java:128)
at java.util.ArrayList.forEach(Unknown Source)
at org.testng.TestRunner.privateRun(TestRunner.java:770)
at org.testng.TestRunner.run(TestRunner.java:591)
at org.testng.SuiteRunner.runTest(SuiteRunner.java:402)
at org.testng.SuiteRunner.runSequentially(SuiteRunner.java:396)
at org.testng.SuiteRunner.privateRun(SuiteRunner.java:355)
at org.testng.SuiteRunner.run(SuiteRunner.java:304)
at org.testng.SuiteRunnerWorker.runSuite(SuiteRunnerWorker.java:53)
at org.testng.SuiteRunnerWorker.run(SuiteRunnerWorker.java:96)
at org.testng.TestNG.runSuitesSequentially(TestNG.java:1180)
at org.testng.TestNG.runSuitesLocally(TestNG.java:1102)
at org.testng.TestNG.runSuites(TestNG.java:1032)
at org.testng.TestNG.run(TestNG.java:1000)
at org.testng.remote.AbstractRemoteTestNG.run(AbstractRemoteTestNG.java:115)
at org.testng.remote.RemoteTestNG.initAndRun(RemoteTestNG.java:251)
at org.testng.remote.RemoteTestNG.main(RemoteTestNG.java:77)
]]>
            </full-stacktrace>
          </exception> <!-- org.openqa.selenium.SessionNotCreatedException -->
          <reporter-output>
          </reporter-output>
        </test-method> <!-- LogIn -->
        <test-method status="FAIL" signature="launchGoogle()[pri:0, instance:T.DataDriving@23faf8f2]" name="launchGoogle" duration-ms="1" started-at="2020-06-24T00:04:36 IST" finished-at="2020-06-24T00:04:36 IST">
          <exception class="java.lang.NullPointerException">
            <full-stacktrace>
              <![CDATA[java.lang.NullPointerException
at T.DataDriving.launchGoogle(DataDriving.java:48)
at sun.reflect.NativeMethodAccessorImpl.invoke0(Native Method)
at sun.reflect.NativeMethodAccessorImpl.invoke(Unknown Source)
at sun.reflect.DelegatingMethodAccessorImpl.invoke(Unknown Source)
at java.lang.reflect.Method.invoke(Unknown Source)
at org.testng.internal.MethodInvocationHelper.invokeMethod(MethodInvocationHelper.java:133)
at org.testng.internal.TestInvoker.invokeMethod(TestInvoker.java:584)
at org.testng.internal.TestInvoker.invokeTestMethod(TestInvoker.java:172)
at org.testng.internal.MethodRunner.runInSequence(MethodRunner.java:46)
at org.testng.internal.TestInvoker$MethodInvocationAgent.invoke(TestInvoker.java:804)
at org.testng.internal.TestInvoker.invokeTestMethods(TestInvoker.java:145)
at org.testng.internal.TestMethodWorker.invokeTestMethods(TestMethodWorker.java:146)
at org.testng.internal.TestMethodWorker.run(TestMethodWorker.java:128)
at java.util.ArrayList.forEach(Unknown Source)
at org.testng.TestRunner.privateRun(TestRunner.java:770)
at org.testng.TestRunner.run(TestRunner.java:591)
at org.testng.SuiteRunner.runTest(SuiteRunner.java:402)
at org.testng.SuiteRunner.runSequentially(SuiteRunner.java:396)
at org.testng.SuiteRunner.privateRun(SuiteRunner.java:355)
at org.testng.SuiteRunner.run(SuiteRunner.java:304)
at org.testng.SuiteRunnerWorker.runSuite(SuiteRunnerWorker.java:53)
at org.testng.SuiteRunnerWorker.run(SuiteRunnerWorker.java:96)
at org.testng.TestNG.runSuitesSequentially(TestNG.java:1180)
at org.testng.TestNG.runSuitesLocally(TestNG.java:1102)
at org.testng.TestNG.runSuites(TestNG.java:1032)
at org.testng.TestNG.run(TestNG.java:1000)
at org.testng.remote.AbstractRemoteTestNG.run(AbstractRemoteTestNG.java:115)
at org.testng.remote.RemoteTestNG.initAndRun(RemoteTestNG.java:251)
at org.testng.remote.RemoteTestNG.main(RemoteTestNG.java:77)
]]>
            </full-stacktrace>
          </exception> <!-- java.lang.NullPointerException -->
          <reporter-output>
          </reporter-output>
        </test-method> <!-- launchGoogle -->
      </class> <!-- T.DataDriving -->
      <class name="T.PLoan">
        <test-method status="PASS" signature="PloanWebLogin()[pri:0, instance:T.PLoan@711f39f9]" name="PloanWebLogin" is-config="true" duration-ms="11" started-at="2020-06-24T00:04:32 IST" finished-at="2020-06-24T00:04:32 IST">
          <reporter-output>
          </reporter-output>
        </test-method> <!-- PloanWebLogin -->
        <test-method status="PASS" signature="PloanMobileLogin()[pri:0, instance:T.PLoan@711f39f9]" name="PloanMobileLogin" duration-ms="1" started-at="2020-06-24T00:04:33 IST" finished-at="2020-06-24T00:04:33 IST">
          <reporter-output>
          </reporter-output>
        </test-method> <!-- PloanMobileLogin -->
        <test-method status="PASS" signature="Smoke3()[pri:0, instance:T.PLoan@711f39f9]" name="Smoke3" duration-ms="1" started-at="2020-06-24T00:04:33 IST" finished-at="2020-06-24T00:04:33 IST">
          <reporter-output>
          </reporter-output>
        </test-method> <!-- Smoke3 -->
      </class> <!-- T.PLoan -->
      <class name="T.ChildWindow_WindowHandler">
        <test-method status="FAIL" signature="HandleChildWindows()[pri:0, instance:T.ChildWindow_WindowHandler@51cdd8a]" name="HandleChildWindows" duration-ms="1054" started-at="2020-06-24T00:04:34 IST" finished-at="2020-06-24T00:04:35 IST">
          <exception class="org.openqa.selenium.SessionNotCreatedException">
            <message>
              <![CDATA[session not created: This version of ChromeDriver only supports Chrome version 80
Build info: version: '3.141.59', revision: 'e82be7d358', time: '2018-11-14T08:25:48'
System info: host: 'SLB-DW752X2', ip: '100.81.173.115', os.name: 'Windows 10', os.arch: 'amd64', os.version: '10.0', java.version: '1.8.0_231'
Driver info: driver.version: ChromeDriver
remote stacktrace: Backtrace:
Ordinal0 [0x00380AE3+1706723]
Ordinal0 [0x002E68C1+1075393]
Ordinal0 [0x0025DFA9+516009]
Ordinal0 [0x001F0554+66900]
Ordinal0 [0x001ECCE2+52450]
Ordinal0 [0x0020BFD7+180183]
Ordinal0 [0x0020BDDD+179677]
Ordinal0 [0x00209D4B+171339]
Ordinal0 [0x001F1D4A+73034]
Ordinal0 [0x001F2DC0+77248]
Ordinal0 [0x001F2D59+77145]
Ordinal0 [0x002FBB37+1162039]
GetHandleVerifier [0x0041A7C6+508998]
GetHandleVerifier [0x0041A504+508292]
GetHandleVerifier [0x0042F617+594583]
GetHandleVerifier [0x0041B036+511158]
Ordinal0 [0x002F3FFC+1130492]
Ordinal0 [0x002FD49B+1168539]
Ordinal0 [0x002FD603+1168899]
Ordinal0 [0x00315B05+1268485]
BaseThreadInitThunk [0x73EE8494+36]
RtlAreBitsSet [0x77604328+136]
RtlAreBitsSet [0x776042F8+88]
]]>
            </message>
            <full-stacktrace>
              <![CDATA[org.openqa.selenium.SessionNotCreatedException: session not created: This version of ChromeDriver only supports Chrome version 80
Build info: version: '3.141.59', revision: 'e82be7d358', time: '2018-11-14T08:25:48'
System info: host: 'SLB-DW752X2', ip: '100.81.173.115', os.name: 'Windows 10', os.arch: 'amd64', os.version: '10.0', java.version: '1.8.0_231'
Driver info: driver.version: ChromeDriver
remote stacktrace: Backtrace:
Ordinal0 [0x00380AE3+1706723]
Ordinal0 [0x002E68C1+1075393]
Ordinal0 [0x0025DFA9+516009]
Ordinal0 [0x001F0554+66900]
Ordinal0 [0x001ECCE2+52450]
Ordinal0 [0x0020BFD7+180183]
Ordinal0 [0x0020BDDD+179677]
Ordinal0 [0x00209D4B+171339]
Ordinal0 [0x001F1D4A+73034]
Ordinal0 [0x001F2DC0+77248]
Ordinal0 [0x001F2D59+77145]
Ordinal0 [0x002FBB37+1162039]
GetHandleVerifier [0x0041A7C6+508998]
GetHandleVerifier [0x0041A504+508292]
GetHandleVerifier [0x0042F617+594583]
GetHandleVerifier [0x0041B036+511158]
Ordinal0 [0x002F3FFC+1130492]
Ordinal0 [0x002FD49B+1168539]
Ordinal0 [0x002FD603+1168899]
Ordinal0 [0x00315B05+1268485]
BaseThreadInitThunk [0x73EE8494+36]
RtlAreBitsSet [0x77604328+136]
RtlAreBitsSet [0x776042F8+88]

at sun.reflect.NativeConstructorAccessorImpl.newInstance0(Native Method)
at sun.reflect.NativeConstructorAccessorImpl.newInstance(Unknown Source)
at sun.reflect.DelegatingConstructorAccessorImpl.newInstance(Unknown Source)
at java.lang.reflect.Constructor.newInstance(Unknown Source)
at org.openqa.selenium.remote.W3CHandshakeResponse.lambda$errorHandler$0(W3CHandshakeResponse.java:62)
at org.openqa.selenium.remote.HandshakeResponse.lambda$getResponseFunction$0(HandshakeResponse.java:30)
at org.openqa.selenium.remote.ProtocolHandshake.lambda$createSession$0(ProtocolHandshake.java:126)
at java.util.stream.ReferencePipeline$3$1.accept(Unknown Source)
at java.util.Spliterators$ArraySpliterator.tryAdvance(Unknown Source)
at java.util.stream.ReferencePipeline.forEachWithCancel(Unknown Source)
at java.util.stream.AbstractPipeline.copyIntoWithCancel(Unknown Source)
at java.util.stream.AbstractPipeline.copyInto(Unknown Source)
at java.util.stream.AbstractPipeline.wrapAndCopyInto(Unknown Source)
at java.util.stream.FindOps$FindOp.evaluateSequential(Unknown Source)
at java.util.stream.AbstractPipeline.evaluate(Unknown Source)
at java.util.stream.ReferencePipeline.findFirst(Unknown Source)
at org.openqa.selenium.remote.ProtocolHandshake.createSession(ProtocolHandshake.java:128)
at org.openqa.selenium.remote.ProtocolHandshake.createSession(ProtocolHandshake.java:74)
at org.openqa.selenium.remote.HttpCommandExecutor.execute(HttpCommandExecutor.java:136)
at org.openqa.selenium.remote.service.DriverCommandExecutor.execute(DriverCommandExecutor.java:83)
at org.openqa.selenium.remote.RemoteWebDriver.execute(RemoteWebDriver.java:552)
at org.openqa.selenium.remote.RemoteWebDriver.startSession(RemoteWebDriver.java:213)
at org.openqa.selenium.remote.RemoteWebDriver.<init>(RemoteWebDriver.java:131)
at org.openqa.selenium.chrome.ChromeDriver.<init>(ChromeDriver.java:181)
at org.openqa.selenium.chrome.ChromeDriver.<init>(ChromeDriver.java:168)
at org.openqa.selenium.chrome.ChromeDriver.<init>(ChromeDriver.java:123)
at T.ChildWindow_WindowHandler.HandleChildWindows(ChildWindow_WindowHandler.java:21)
at sun.reflect.NativeMethodAccessorImpl.invoke0(Native Method)
at sun.reflect.NativeMethodAccessorImpl.invoke(Unknown Source)
at sun.reflect.DelegatingMethodAccessorImpl.invoke(Unknown Source)
at java.lang.reflect.Method.invoke(Unknown Source)
at org.testng.internal.MethodInvocationHelper.invokeMethod(MethodInvocationHelper.java:133)
at org.testng.internal.TestInvoker.invokeMethod(TestInvoker.java:584)
at org.testng.internal.TestInvoker.invokeTestMethod(TestInvoker.java:172)
at org.testng.internal.MethodRunner.runInSequence(MethodRunner.java:46)
at org.testng.internal.TestInvoker$MethodInvocationAgent.invoke(TestInvoker.java:804)
at org.testng.internal.TestInvoker.invokeTestMethods(TestInvoker.java:145)
at org.testng.internal.TestMethodWorker.invokeTestMethods(TestMethodWorker.java:146)
at org.testng.internal.TestMethodWorker.run(TestMethodWorker.java:128)
at java.util.ArrayList.forEach(Unknown Source)
at org.testng.TestRunner.privateRun(TestRunner.java:770)
at org.testng.TestRunner.run(TestRunner.java:591)
at org.testng.SuiteRunner.runTest(SuiteRunner.java:402)
at org.testng.SuiteRunner.runSequentially(SuiteRunner.java:396)
at org.testng.SuiteRunner.privateRun(SuiteRunner.java:355)
at org.testng.SuiteRunner.run(SuiteRunner.java:304)
at org.testng.SuiteRunnerWorker.runSuite(SuiteRunnerWorker.java:53)
at org.testng.SuiteRunnerWorker.run(SuiteRunnerWorker.java:96)
at org.testng.TestNG.runSuitesSequentially(TestNG.java:1180)
at org.testng.TestNG.runSuitesLocally(TestNG.java:1102)
at org.testng.TestNG.runSuites(TestNG.java:1032)
at org.testng.TestNG.run(TestNG.java:1000)
at org.testng.remote.AbstractRemoteTestNG.run(AbstractRemoteTestNG.java:115)
at org.testng.remote.RemoteTestNG.initAndRun(RemoteTestNG.java:251)
at org.testng.remote.RemoteTestNG.main(RemoteTestNG.java:77)
]]>
            </full-stacktrace>
          </exception> <!-- org.openqa.selenium.SessionNotCreatedException -->
          <reporter-output>
          </reporter-output>
        </test-method> <!-- HandleChildWindows -->
      </class> <!-- T.ChildWindow_WindowHandler -->
      <class name="T.CheckBox_Practise">
        <test-method status="FAIL" signature="CheckBoxPractise()[pri:0, instance:T.CheckBox_Practise@7f13d6e]" name="CheckBoxPractise" duration-ms="1649" started-at="2020-06-24T00:04:33 IST" finished-at="2020-06-24T00:04:34 IST">
          <exception class="org.openqa.selenium.SessionNotCreatedException">
            <message>
              <![CDATA[session not created: This version of ChromeDriver only supports Chrome version 80
Build info: version: '3.141.59', revision: 'e82be7d358', time: '2018-11-14T08:25:48'
System info: host: 'SLB-DW752X2', ip: '100.81.173.115', os.name: 'Windows 10', os.arch: 'amd64', os.version: '10.0', java.version: '1.8.0_231'
Driver info: driver.version: ChromeDriver
remote stacktrace: Backtrace:
Ordinal0 [0x00380AE3+1706723]
Ordinal0 [0x002E68C1+1075393]
Ordinal0 [0x0025DFA9+516009]
Ordinal0 [0x001F0554+66900]
Ordinal0 [0x001ECCE2+52450]
Ordinal0 [0x0020BFD7+180183]
Ordinal0 [0x0020BDDD+179677]
Ordinal0 [0x00209D4B+171339]
Ordinal0 [0x001F1D4A+73034]
Ordinal0 [0x001F2DC0+77248]
Ordinal0 [0x001F2D59+77145]
Ordinal0 [0x002FBB37+1162039]
GetHandleVerifier [0x0041A7C6+508998]
GetHandleVerifier [0x0041A504+508292]
GetHandleVerifier [0x0042F617+594583]
GetHandleVerifier [0x0041B036+511158]
Ordinal0 [0x002F3FFC+1130492]
Ordinal0 [0x002FD49B+1168539]
Ordinal0 [0x002FD603+1168899]
Ordinal0 [0x00315B05+1268485]
BaseThreadInitThunk [0x73EE8494+36]
RtlAreBitsSet [0x77604328+136]
RtlAreBitsSet [0x776042F8+88]
]]>
            </message>
            <full-stacktrace>
              <![CDATA[org.openqa.selenium.SessionNotCreatedException: session not created: This version of ChromeDriver only supports Chrome version 80
Build info: version: '3.141.59', revision: 'e82be7d358', time: '2018-11-14T08:25:48'
System info: host: 'SLB-DW752X2', ip: '100.81.173.115', os.name: 'Windows 10', os.arch: 'amd64', os.version: '10.0', java.version: '1.8.0_231'
Driver info: driver.version: ChromeDriver
remote stacktrace: Backtrace:
Ordinal0 [0x00380AE3+1706723]
Ordinal0 [0x002E68C1+1075393]
Ordinal0 [0x0025DFA9+516009]
Ordinal0 [0x001F0554+66900]
Ordinal0 [0x001ECCE2+52450]
Ordinal0 [0x0020BFD7+180183]
Ordinal0 [0x0020BDDD+179677]
Ordinal0 [0x00209D4B+171339]
Ordinal0 [0x001F1D4A+73034]
Ordinal0 [0x001F2DC0+77248]
Ordinal0 [0x001F2D59+77145]
Ordinal0 [0x002FBB37+1162039]
GetHandleVerifier [0x0041A7C6+508998]
GetHandleVerifier [0x0041A504+508292]
GetHandleVerifier [0x0042F617+594583]
GetHandleVerifier [0x0041B036+511158]
Ordinal0 [0x002F3FFC+1130492]
Ordinal0 [0x002FD49B+1168539]
Ordinal0 [0x002FD603+1168899]
Ordinal0 [0x00315B05+1268485]
BaseThreadInitThunk [0x73EE8494+36]
RtlAreBitsSet [0x77604328+136]
RtlAreBitsSet [0x776042F8+88]

at sun.reflect.NativeConstructorAccessorImpl.newInstance0(Native Method)
at sun.reflect.NativeConstructorAccessorImpl.newInstance(Unknown Source)
at sun.reflect.DelegatingConstructorAccessorImpl.newInstance(Unknown Source)
at java.lang.reflect.Constructor.newInstance(Unknown Source)
at org.openqa.selenium.remote.W3CHandshakeResponse.lambda$errorHandler$0(W3CHandshakeResponse.java:62)
at org.openqa.selenium.remote.HandshakeResponse.lambda$getResponseFunction$0(HandshakeResponse.java:30)
at org.openqa.selenium.remote.ProtocolHandshake.lambda$createSession$0(ProtocolHandshake.java:126)
at java.util.stream.ReferencePipeline$3$1.accept(Unknown Source)
at java.util.Spliterators$ArraySpliterator.tryAdvance(Unknown Source)
at java.util.stream.ReferencePipeline.forEachWithCancel(Unknown Source)
at java.util.stream.AbstractPipeline.copyIntoWithCancel(Unknown Source)
at java.util.stream.AbstractPipeline.copyInto(Unknown Source)
at java.util.stream.AbstractPipeline.wrapAndCopyInto(Unknown Source)
at java.util.stream.FindOps$FindOp.evaluateSequential(Unknown Source)
at java.util.stream.AbstractPipeline.evaluate(Unknown Source)
at java.util.stream.ReferencePipeline.findFirst(Unknown Source)
at org.openqa.selenium.remote.ProtocolHandshake.createSession(ProtocolHandshake.java:128)
at org.openqa.selenium.remote.ProtocolHandshake.createSession(ProtocolHandshake.java:74)
at org.openqa.selenium.remote.HttpCommandExecutor.execute(HttpCommandExecutor.java:136)
at org.openqa.selenium.remote.service.DriverCommandExecutor.execute(DriverCommandExecutor.java:83)
at org.openqa.selenium.remote.RemoteWebDriver.execute(RemoteWebDriver.java:552)
at org.openqa.selenium.remote.RemoteWebDriver.startSession(RemoteWebDriver.java:213)
at org.openqa.selenium.remote.RemoteWebDriver.<init>(RemoteWebDriver.java:131)
at org.openqa.selenium.chrome.ChromeDriver.<init>(ChromeDriver.java:181)
at org.openqa.selenium.chrome.ChromeDriver.<init>(ChromeDriver.java:168)
at org.openqa.selenium.chrome.ChromeDriver.<init>(ChromeDriver.java:123)
at T.CheckBox_Practise.CheckBoxPractise(CheckBox_Practise.java:21)
at sun.reflect.NativeMethodAccessorImpl.invoke0(Native Method)
at sun.reflect.NativeMethodAccessorImpl.invoke(Unknown Source)
at sun.reflect.DelegatingMethodAccessorImpl.invoke(Unknown Source)
at java.lang.reflect.Method.invoke(Unknown Source)
at org.testng.internal.MethodInvocationHelper.invokeMethod(MethodInvocationHelper.java:133)
at org.testng.internal.TestInvoker.invokeMethod(TestInvoker.java:584)
at org.testng.internal.TestInvoker.invokeTestMethod(TestInvoker.java:172)
at org.testng.internal.MethodRunner.runInSequence(MethodRunner.java:46)
at org.testng.internal.TestInvoker$MethodInvocationAgent.invoke(TestInvoker.java:804)
at org.testng.internal.TestInvoker.invokeTestMethods(TestInvoker.java:145)
at org.testng.internal.TestMethodWorker.invokeTestMethods(TestMethodWorker.java:146)
at org.testng.internal.TestMethodWorker.run(TestMethodWorker.java:128)
at java.util.ArrayList.forEach(Unknown Source)
at org.testng.TestRunner.privateRun(TestRunner.java:770)
at org.testng.TestRunner.run(TestRunner.java:591)
at org.testng.SuiteRunner.runTest(SuiteRunner.java:402)
at org.testng.SuiteRunner.runSequentially(SuiteRunner.java:396)
at org.testng.SuiteRunner.privateRun(SuiteRunner.java:355)
at org.testng.SuiteRunner.run(SuiteRunner.java:304)
at org.testng.SuiteRunnerWorker.runSuite(SuiteRunnerWorker.java:53)
at org.testng.SuiteRunnerWorker.run(SuiteRunnerWorker.java:96)
at org.testng.TestNG.runSuitesSequentially(TestNG.java:1180)
at org.testng.TestNG.runSuitesLocally(TestNG.java:1102)
at org.testng.TestNG.runSuites(TestNG.java:1032)
at org.testng.TestNG.run(TestNG.java:1000)
at org.testng.remote.AbstractRemoteTestNG.run(AbstractRemoteTestNG.java:115)
at org.testng.remote.RemoteTestNG.initAndRun(RemoteTestNG.java:251)
at org.testng.remote.RemoteTestNG.main(RemoteTestNG.java:77)
]]>
            </full-stacktrace>
          </exception> <!-- org.openqa.selenium.SessionNotCreatedException -->
          <reporter-output>
          </reporter-output>
        </test-method> <!-- CheckBoxPractise -->
      </class> <!-- T.CheckBox_Practise -->
      <class name="T.CLoan">
        <test-method status="PASS" signature="CloanAPILogin()[pri:0, instance:T.CLoan@d44fc21]" name="CloanAPILogin" duration-ms="1" started-at="2020-06-24T00:04:35 IST" finished-at="2020-06-24T00:04:35 IST">
          <reporter-output>
          </reporter-output>
        </test-method> <!-- CloanAPILogin -->
        <test-method status="PASS" signature="Demo()[pri:0, instance:T.CLoan@d44fc21]" name="Demo" is-config="true" duration-ms="0" started-at="2020-06-24T00:04:35 IST" finished-at="2020-06-24T00:04:35 IST">
          <reporter-output>
          </reporter-output>
        </test-method> <!-- Demo -->
        <test-method status="PASS" signature="Demo()[pri:0, instance:T.CLoan@d44fc21]" name="Demo" is-config="true" duration-ms="0" started-at="2020-06-24T00:04:35 IST" finished-at="2020-06-24T00:04:35 IST">
          <reporter-output>
          </reporter-output>
        </test-method> <!-- Demo -->
        <test-method status="PASS" signature="CloanMLogin()[pri:0, instance:T.CLoan@d44fc21]" name="CloanMLogin" duration-ms="1" started-at="2020-06-24T00:04:35 IST" finished-at="2020-06-24T00:04:35 IST">
          <reporter-output>
          </reporter-output>
        </test-method> <!-- CloanMLogin -->
        <test-method status="PASS" signature="Demo()[pri:0, instance:T.CLoan@d44fc21]" name="Demo" is-config="true" duration-ms="0" started-at="2020-06-24T00:04:35 IST" finished-at="2020-06-24T00:04:35 IST">
          <reporter-output>
          </reporter-output>
        </test-method> <!-- Demo -->
        <test-method status="PASS" signature="CloanWLogin()[pri:0, instance:T.CLoan@d44fc21]" name="CloanWLogin" duration-ms="1" started-at="2020-06-24T00:04:35 IST" finished-at="2020-06-24T00:04:35 IST">
          <reporter-output>
          </reporter-output>
        </test-method> <!-- CloanWLogin -->
        <test-method status="PASS" signature="Demo()[pri:0, instance:T.CLoan@d44fc21]" name="Demo" is-config="true" duration-ms="0" started-at="2020-06-24T00:04:35 IST" finished-at="2020-06-24T00:04:35 IST">
          <reporter-output>
          </reporter-output>
        </test-method> <!-- Demo -->
        <test-method status="PASS" signature="Smoke1()[pri:0, instance:T.CLoan@d44fc21]" name="Smoke1" duration-ms="1" started-at="2020-06-24T00:04:35 IST" finished-at="2020-06-24T00:04:35 IST">
          <reporter-output>
          </reporter-output>
        </test-method> <!-- Smoke1 -->
      </class> <!-- T.CLoan -->
      <class name="T.Alphabetic">
        <test-method status="FAIL" signature="C(java.lang.String, java.lang.String)[pri:0, instance:T.Alphabetic@71bbf57e]" name="C" duration-ms="0" started-at="2020-06-24T00:04:33 IST" finished-at="2020-06-24T00:04:33 IST">
          <exception class="org.testng.TestNGException">
            <message>
              <![CDATA[
Parameter 'URL' is required by @Test on method C but has not been marked @Optional or defined
in C:\Users\Mpandey9\eclipse-workspace\Selenium_Framework\testng.xml]]>
            </message>
            <full-stacktrace>
              <![CDATA[org.testng.TestNGException: 
Parameter 'URL' is required by @Test on method C but has not been marked @Optional or defined
in C:\Users\Mpandey9\eclipse-workspace\Selenium_Framework\testng.xml
at org.testng.internal.Parameters.createParams(Parameters.java:289)
at org.testng.internal.Parameters.createParametersForMethod(Parameters.java:377)
at org.testng.internal.Parameters.createParameters(Parameters.java:721)
at org.testng.internal.Parameters.handleParameters(Parameters.java:895)
at org.testng.internal.Parameters.handleParameters(Parameters.java:762)
at org.testng.internal.ParameterHandler.handleParameters(ParameterHandler.java:60)
at org.testng.internal.ParameterHandler.createParameters(ParameterHandler.java:39)
at org.testng.internal.TestInvoker$MethodInvocationAgent.invoke(TestInvoker.java:771)
at org.testng.internal.TestInvoker.invokeTestMethods(TestInvoker.java:145)
at org.testng.internal.TestMethodWorker.invokeTestMethods(TestMethodWorker.java:146)
at org.testng.internal.TestMethodWorker.run(TestMethodWorker.java:128)
at java.util.ArrayList.forEach(Unknown Source)
at org.testng.TestRunner.privateRun(TestRunner.java:770)
at org.testng.TestRunner.run(TestRunner.java:591)
at org.testng.SuiteRunner.runTest(SuiteRunner.java:402)
at org.testng.SuiteRunner.runSequentially(SuiteRunner.java:396)
at org.testng.SuiteRunner.privateRun(SuiteRunner.java:355)
at org.testng.SuiteRunner.run(SuiteRunner.java:304)
at org.testng.SuiteRunnerWorker.runSuite(SuiteRunnerWorker.java:53)
at org.testng.SuiteRunnerWorker.run(SuiteRunnerWorker.java:96)
at org.testng.TestNG.runSuitesSequentially(TestNG.java:1180)
at org.testng.TestNG.runSuitesLocally(TestNG.java:1102)
at org.testng.TestNG.runSuites(TestNG.java:1032)
at org.testng.TestNG.run(TestNG.java:1000)
at org.testng.remote.AbstractRemoteTestNG.run(AbstractRemoteTestNG.java:115)
at org.testng.remote.RemoteTestNG.initAndRun(RemoteTestNG.java:251)
at org.testng.remote.RemoteTestNG.main(RemoteTestNG.java:77)
]]>
            </full-stacktrace>
          </exception> <!-- org.testng.TestNGException -->
          <reporter-output>
          </reporter-output>
        </test-method> <!-- C -->
        <test-method status="SKIP" signature="A(java.lang.String)[pri:0, instance:T.Alphabetic@71bbf57e]" name="A" duration-ms="0" started-at="2020-06-24T00:04:33 IST" depends-on-methods="T.Alphabetic.C" finished-at="2020-06-24T00:04:33 IST">
          <exception class="java.lang.Throwable">
            <message>
              <![CDATA[Method Alphabetic.A(java.lang.String)[pri:0, instance:T.Alphabetic@71bbf57e] depends on not successfully finished methods]]>
            </message>
            <full-stacktrace>
              <![CDATA[java.lang.Throwable: Method Alphabetic.A(java.lang.String)[pri:0, instance:T.Alphabetic@71bbf57e] depends on not successfully finished methods
at org.testng.internal.TestInvoker.invokeTestMethods(TestInvoker.java:99)
at org.testng.internal.TestMethodWorker.invokeTestMethods(TestMethodWorker.java:146)
at org.testng.internal.TestMethodWorker.run(TestMethodWorker.java:128)
at java.util.ArrayList.forEach(Unknown Source)
at org.testng.TestRunner.privateRun(TestRunner.java:770)
at org.testng.TestRunner.run(TestRunner.java:591)
at org.testng.SuiteRunner.runTest(SuiteRunner.java:402)
at org.testng.SuiteRunner.runSequentially(SuiteRunner.java:396)
at org.testng.SuiteRunner.privateRun(SuiteRunner.java:355)
at org.testng.SuiteRunner.run(SuiteRunner.java:304)
at org.testng.SuiteRunnerWorker.runSuite(SuiteRunnerWorker.java:53)
at org.testng.SuiteRunnerWorker.run(SuiteRunnerWorker.java:96)
at org.testng.TestNG.runSuitesSequentially(TestNG.java:1180)
at org.testng.TestNG.runSuitesLocally(TestNG.java:1102)
at org.testng.TestNG.runSuites(TestNG.java:1032)
at org.testng.TestNG.run(TestNG.java:1000)
at org.testng.remote.AbstractRemoteTestNG.run(AbstractRemoteTestNG.java:115)
at org.testng.remote.RemoteTestNG.initAndRun(RemoteTestNG.java:251)
at org.testng.remote.RemoteTestNG.main(RemoteTestNG.java:77)
]]>
            </full-stacktrace>
          </exception> <!-- java.lang.Throwable -->
          <reporter-output>
          </reporter-output>
        </test-method> <!-- A -->
        <test-method status="SKIP" signature="B()[pri:0, instance:T.Alphabetic@71bbf57e]" name="B" duration-ms="0" started-at="2020-06-24T00:04:33 IST" depends-on-methods="T.Alphabetic.C" finished-at="2020-06-24T00:04:33 IST">
          <exception class="java.lang.Throwable">
            <message>
              <![CDATA[Method Alphabetic.B()[pri:0, instance:T.Alphabetic@71bbf57e] depends on not successfully finished methods]]>
            </message>
            <full-stacktrace>
              <![CDATA[java.lang.Throwable: Method Alphabetic.B()[pri:0, instance:T.Alphabetic@71bbf57e] depends on not successfully finished methods
at org.testng.internal.TestInvoker.invokeTestMethods(TestInvoker.java:99)
at org.testng.internal.TestMethodWorker.invokeTestMethods(TestMethodWorker.java:146)
at org.testng.internal.TestMethodWorker.run(TestMethodWorker.java:128)
at java.util.ArrayList.forEach(Unknown Source)
at org.testng.TestRunner.privateRun(TestRunner.java:770)
at org.testng.TestRunner.run(TestRunner.java:591)
at org.testng.SuiteRunner.runTest(SuiteRunner.java:402)
at org.testng.SuiteRunner.runSequentially(SuiteRunner.java:396)
at org.testng.SuiteRunner.privateRun(SuiteRunner.java:355)
at org.testng.SuiteRunner.run(SuiteRunner.java:304)
at org.testng.SuiteRunnerWorker.runSuite(SuiteRunnerWorker.java:53)
at org.testng.SuiteRunnerWorker.run(SuiteRunnerWorker.java:96)
at org.testng.TestNG.runSuitesSequentially(TestNG.java:1180)
at org.testng.TestNG.runSuitesLocally(TestNG.java:1102)
at org.testng.TestNG.runSuites(TestNG.java:1032)
at org.testng.TestNG.run(TestNG.java:1000)
at org.testng.remote.AbstractRemoteTestNG.run(AbstractRemoteTestNG.java:115)
at org.testng.remote.RemoteTestNG.initAndRun(RemoteTestNG.java:251)
at org.testng.remote.RemoteTestNG.main(RemoteTestNG.java:77)
]]>
            </full-stacktrace>
          </exception> <!-- java.lang.Throwable -->
          <reporter-output>
          </reporter-output>
        </test-method> <!-- B -->
      </class> <!-- T.Alphabetic -->
      <class name="T.HLoan">
        <test-method status="PASS" signature="Smok2()[pri:0, instance:T.HLoan@4e7dc304]" name="Smok2" duration-ms="0" started-at="2020-06-24T00:04:37 IST" finished-at="2020-06-24T00:04:37 IST">
          <reporter-output>
          </reporter-output>
        </test-method> <!-- Smok2 -->
        <test-method status="PASS" signature="HLoanWebLogin()[pri:0, instance:T.HLoan@4e7dc304]" name="HLoanWebLogin" is-config="true" duration-ms="0" started-at="2020-06-24T00:04:37 IST" finished-at="2020-06-24T00:04:37 IST">
          <reporter-output>
          </reporter-output>
        </test-method> <!-- HLoanWebLogin -->
        <test-method status="PASS" signature="HLoanMobileLogin()[pri:0, instance:T.HLoan@4e7dc304]" name="HLoanMobileLogin" is-config="true" duration-ms="1" started-at="2020-06-24T00:04:37 IST" finished-at="2020-06-24T00:04:37 IST">
          <reporter-output>
          </reporter-output>
        </test-method> <!-- HLoanMobileLogin -->
      </class> <!-- T.HLoan -->
      <class name="T.GetTitle">
        <test-method status="FAIL" signature="LogIn()[pri:0, instance:T.GetTitle@2d6eabae]" name="LogIn" duration-ms="1051" started-at="2020-06-24T00:04:36 IST" finished-at="2020-06-24T00:04:37 IST">
          <exception class="org.openqa.selenium.SessionNotCreatedException">
            <message>
              <![CDATA[session not created: This version of ChromeDriver only supports Chrome version 80
Build info: version: '3.141.59', revision: 'e82be7d358', time: '2018-11-14T08:25:48'
System info: host: 'SLB-DW752X2', ip: '100.81.173.115', os.name: 'Windows 10', os.arch: 'amd64', os.version: '10.0', java.version: '1.8.0_231'
Driver info: driver.version: ChromeDriver
remote stacktrace: Backtrace:
Ordinal0 [0x00380AE3+1706723]
Ordinal0 [0x002E68C1+1075393]
Ordinal0 [0x0025DFA9+516009]
Ordinal0 [0x001F0554+66900]
Ordinal0 [0x001ECCE2+52450]
Ordinal0 [0x0020BFD7+180183]
Ordinal0 [0x0020BDDD+179677]
Ordinal0 [0x00209D4B+171339]
Ordinal0 [0x001F1D4A+73034]
Ordinal0 [0x001F2DC0+77248]
Ordinal0 [0x001F2D59+77145]
Ordinal0 [0x002FBB37+1162039]
GetHandleVerifier [0x0041A7C6+508998]
GetHandleVerifier [0x0041A504+508292]
GetHandleVerifier [0x0042F617+594583]
GetHandleVerifier [0x0041B036+511158]
Ordinal0 [0x002F3FFC+1130492]
Ordinal0 [0x002FD49B+1168539]
Ordinal0 [0x002FD603+1168899]
Ordinal0 [0x00315B05+1268485]
BaseThreadInitThunk [0x73EE8494+36]
RtlAreBitsSet [0x77604328+136]
RtlAreBitsSet [0x776042F8+88]
]]>
            </message>
            <full-stacktrace>
              <![CDATA[org.openqa.selenium.SessionNotCreatedException: session not created: This version of ChromeDriver only supports Chrome version 80
Build info: version: '3.141.59', revision: 'e82be7d358', time: '2018-11-14T08:25:48'
System info: host: 'SLB-DW752X2', ip: '100.81.173.115', os.name: 'Windows 10', os.arch: 'amd64', os.version: '10.0', java.version: '1.8.0_231'
Driver info: driver.version: ChromeDriver
remote stacktrace: Backtrace:
Ordinal0 [0x00380AE3+1706723]
Ordinal0 [0x002E68C1+1075393]
Ordinal0 [0x0025DFA9+516009]
Ordinal0 [0x001F0554+66900]
Ordinal0 [0x001ECCE2+52450]
Ordinal0 [0x0020BFD7+180183]
Ordinal0 [0x0020BDDD+179677]
Ordinal0 [0x00209D4B+171339]
Ordinal0 [0x001F1D4A+73034]
Ordinal0 [0x001F2DC0+77248]
Ordinal0 [0x001F2D59+77145]
Ordinal0 [0x002FBB37+1162039]
GetHandleVerifier [0x0041A7C6+508998]
GetHandleVerifier [0x0041A504+508292]
GetHandleVerifier [0x0042F617+594583]
GetHandleVerifier [0x0041B036+511158]
Ordinal0 [0x002F3FFC+1130492]
Ordinal0 [0x002FD49B+1168539]
Ordinal0 [0x002FD603+1168899]
Ordinal0 [0x00315B05+1268485]
BaseThreadInitThunk [0x73EE8494+36]
RtlAreBitsSet [0x77604328+136]
RtlAreBitsSet [0x776042F8+88]

at sun.reflect.NativeConstructorAccessorImpl.newInstance0(Native Method)
at sun.reflect.NativeConstructorAccessorImpl.newInstance(Unknown Source)
at sun.reflect.DelegatingConstructorAccessorImpl.newInstance(Unknown Source)
at java.lang.reflect.Constructor.newInstance(Unknown Source)
at org.openqa.selenium.remote.W3CHandshakeResponse.lambda$errorHandler$0(W3CHandshakeResponse.java:62)
at org.openqa.selenium.remote.HandshakeResponse.lambda$getResponseFunction$0(HandshakeResponse.java:30)
at org.openqa.selenium.remote.ProtocolHandshake.lambda$createSession$0(ProtocolHandshake.java:126)
at java.util.stream.ReferencePipeline$3$1.accept(Unknown Source)
at java.util.Spliterators$ArraySpliterator.tryAdvance(Unknown Source)
at java.util.stream.ReferencePipeline.forEachWithCancel(Unknown Source)
at java.util.stream.AbstractPipeline.copyIntoWithCancel(Unknown Source)
at java.util.stream.AbstractPipeline.copyInto(Unknown Source)
at java.util.stream.AbstractPipeline.wrapAndCopyInto(Unknown Source)
at java.util.stream.FindOps$FindOp.evaluateSequential(Unknown Source)
at java.util.stream.AbstractPipeline.evaluate(Unknown Source)
at java.util.stream.ReferencePipeline.findFirst(Unknown Source)
at org.openqa.selenium.remote.ProtocolHandshake.createSession(ProtocolHandshake.java:128)
at org.openqa.selenium.remote.ProtocolHandshake.createSession(ProtocolHandshake.java:74)
at org.openqa.selenium.remote.HttpCommandExecutor.execute(HttpCommandExecutor.java:136)
at org.openqa.selenium.remote.service.DriverCommandExecutor.execute(DriverCommandExecutor.java:83)
at org.openqa.selenium.remote.RemoteWebDriver.execute(RemoteWebDriver.java:552)
at org.openqa.selenium.remote.RemoteWebDriver.startSession(RemoteWebDriver.java:213)
at org.openqa.selenium.remote.RemoteWebDriver.<init>(RemoteWebDriver.java:131)
at org.openqa.selenium.chrome.ChromeDriver.<init>(ChromeDriver.java:181)
at org.openqa.selenium.chrome.ChromeDriver.<init>(ChromeDriver.java:168)
at org.openqa.selenium.chrome.ChromeDriver.<init>(ChromeDriver.java:123)
at T.DataDriving.LogIn(DataDriving.java:28)
at sun.reflect.NativeMethodAccessorImpl.invoke0(Native Method)
at sun.reflect.NativeMethodAccessorImpl.invoke(Unknown Source)
at sun.reflect.DelegatingMethodAccessorImpl.invoke(Unknown Source)
at java.lang.reflect.Method.invoke(Unknown Source)
at org.testng.internal.MethodInvocationHelper.invokeMethod(MethodInvocationHelper.java:133)
at org.testng.internal.TestInvoker.invokeMethod(TestInvoker.java:584)
at org.testng.internal.TestInvoker.invokeTestMethod(TestInvoker.java:172)
at org.testng.internal.MethodRunner.runInSequence(MethodRunner.java:46)
at org.testng.internal.TestInvoker$MethodInvocationAgent.invoke(TestInvoker.java:804)
at org.testng.internal.TestInvoker.invokeTestMethods(TestInvoker.java:145)
at org.testng.internal.TestMethodWorker.invokeTestMethods(TestMethodWorker.java:146)
at org.testng.internal.TestMethodWorker.run(TestMethodWorker.java:128)
at java.util.ArrayList.forEach(Unknown Source)
at org.testng.TestRunner.privateRun(TestRunner.java:770)
at org.testng.TestRunner.run(TestRunner.java:591)
at org.testng.SuiteRunner.runTest(SuiteRunner.java:402)
at org.testng.SuiteRunner.runSequentially(SuiteRunner.java:396)
at org.testng.SuiteRunner.privateRun(SuiteRunner.java:355)
at org.testng.SuiteRunner.run(SuiteRunner.java:304)
at org.testng.SuiteRunnerWorker.runSuite(SuiteRunnerWorker.java:53)
at org.testng.SuiteRunnerWorker.run(SuiteRunnerWorker.java:96)
at org.testng.TestNG.runSuitesSequentially(TestNG.java:1180)
at org.testng.TestNG.runSuitesLocally(TestNG.java:1102)
at org.testng.TestNG.runSuites(TestNG.java:1032)
at org.testng.TestNG.run(TestNG.java:1000)
at org.testng.remote.AbstractRemoteTestNG.run(AbstractRemoteTestNG.java:115)
at org.testng.remote.RemoteTestNG.initAndRun(RemoteTestNG.java:251)
at org.testng.remote.RemoteTestNG.main(RemoteTestNG.java:77)
]]>
            </full-stacktrace>
          </exception> <!-- org.openqa.selenium.SessionNotCreatedException -->
          <reporter-output>
          </reporter-output>
        </test-method> <!-- LogIn -->
        <test-method status="FAIL" signature="launchGoogle()[pri:0, instance:T.GetTitle@2d6eabae]" name="launchGoogle" duration-ms="1" started-at="2020-06-24T00:04:37 IST" finished-at="2020-06-24T00:04:37 IST">
          <exception class="java.lang.NullPointerException">
            <full-stacktrace>
              <![CDATA[java.lang.NullPointerException
at T.DataDriving.launchGoogle(DataDriving.java:48)
at sun.reflect.NativeMethodAccessorImpl.invoke0(Native Method)
at sun.reflect.NativeMethodAccessorImpl.invoke(Unknown Source)
at sun.reflect.DelegatingMethodAccessorImpl.invoke(Unknown Source)
at java.lang.reflect.Method.invoke(Unknown Source)
at org.testng.internal.MethodInvocationHelper.invokeMethod(MethodInvocationHelper.java:133)
at org.testng.internal.TestInvoker.invokeMethod(TestInvoker.java:584)
at org.testng.internal.TestInvoker.invokeTestMethod(TestInvoker.java:172)
at org.testng.internal.MethodRunner.runInSequence(MethodRunner.java:46)
at org.testng.internal.TestInvoker$MethodInvocationAgent.invoke(TestInvoker.java:804)
at org.testng.internal.TestInvoker.invokeTestMethods(TestInvoker.java:145)
at org.testng.internal.TestMethodWorker.invokeTestMethods(TestMethodWorker.java:146)
at org.testng.internal.TestMethodWorker.run(TestMethodWorker.java:128)
at java.util.ArrayList.forEach(Unknown Source)
at org.testng.TestRunner.privateRun(TestRunner.java:770)
at org.testng.TestRunner.run(TestRunner.java:591)
at org.testng.SuiteRunner.runTest(SuiteRunner.java:402)
at org.testng.SuiteRunner.runSequentially(SuiteRunner.java:396)
at org.testng.SuiteRunner.privateRun(SuiteRunner.java:355)
at org.testng.SuiteRunner.run(SuiteRunner.java:304)
at org.testng.SuiteRunnerWorker.runSuite(SuiteRunnerWorker.java:53)
at org.testng.SuiteRunnerWorker.run(SuiteRunnerWorker.java:96)
at org.testng.TestNG.runSuitesSequentially(TestNG.java:1180)
at org.testng.TestNG.runSuitesLocally(TestNG.java:1102)
at org.testng.TestNG.runSuites(TestNG.java:1032)
at org.testng.TestNG.run(TestNG.java:1000)
at org.testng.remote.AbstractRemoteTestNG.run(AbstractRemoteTestNG.java:115)
at org.testng.remote.RemoteTestNG.initAndRun(RemoteTestNG.java:251)
at org.testng.remote.RemoteTestNG.main(RemoteTestNG.java:77)
]]>
            </full-stacktrace>
          </exception> <!-- java.lang.NullPointerException -->
          <reporter-output>
          </reporter-output>
        </test-method> <!-- launchGoogle -->
        <test-method status="FAIL" signature="Title()[pri:0, instance:T.GetTitle@2d6eabae]" name="Title" duration-ms="1" started-at="2020-06-24T00:04:37 IST" finished-at="2020-06-24T00:04:37 IST">
          <exception class="java.lang.NullPointerException">
            <full-stacktrace>
              <![CDATA[java.lang.NullPointerException
at T.GetTitle.Title(GetTitle.java:18)
at sun.reflect.NativeMethodAccessorImpl.invoke0(Native Method)
at sun.reflect.NativeMethodAccessorImpl.invoke(Unknown Source)
at sun.reflect.DelegatingMethodAccessorImpl.invoke(Unknown Source)
at java.lang.reflect.Method.invoke(Unknown Source)
at org.testng.internal.MethodInvocationHelper.invokeMethod(MethodInvocationHelper.java:133)
at org.testng.internal.TestInvoker.invokeMethod(TestInvoker.java:584)
at org.testng.internal.TestInvoker.invokeTestMethod(TestInvoker.java:172)
at org.testng.internal.MethodRunner.runInSequence(MethodRunner.java:46)
at org.testng.internal.TestInvoker$MethodInvocationAgent.invoke(TestInvoker.java:804)
at org.testng.internal.TestInvoker.invokeTestMethods(TestInvoker.java:145)
at org.testng.internal.TestMethodWorker.invokeTestMethods(TestMethodWorker.java:146)
at org.testng.internal.TestMethodWorker.run(TestMethodWorker.java:128)
at java.util.ArrayList.forEach(Unknown Source)
at org.testng.TestRunner.privateRun(TestRunner.java:770)
at org.testng.TestRunner.run(TestRunner.java:591)
at org.testng.SuiteRunner.runTest(SuiteRunner.java:402)
at org.testng.SuiteRunner.runSequentially(SuiteRunner.java:396)
at org.testng.SuiteRunner.privateRun(SuiteRunner.java:355)
at org.testng.SuiteRunner.run(SuiteRunner.java:304)
at org.testng.SuiteRunnerWorker.runSuite(SuiteRunnerWorker.java:53)
at org.testng.SuiteRunnerWorker.run(SuiteRunnerWorker.java:96)
at org.testng.TestNG.runSuitesSequentially(TestNG.java:1180)
at org.testng.TestNG.runSuitesLocally(TestNG.java:1102)
at org.testng.TestNG.runSuites(TestNG.java:1032)
at org.testng.TestNG.run(TestNG.java:1000)
at org.testng.remote.AbstractRemoteTestNG.run(AbstractRemoteTestNG.java:115)
at org.testng.remote.RemoteTestNG.initAndRun(RemoteTestNG.java:251)
at org.testng.remote.RemoteTestNG.main(RemoteTestNG.java:77)
]]>
            </full-stacktrace>
          </exception> <!-- java.lang.NullPointerException -->
          <reporter-output>
          </reporter-output>
        </test-method> <!-- Title -->
      </class> <!-- T.GetTitle -->
    </test> <!-- Personal Loan -->
  </suite> <!-- Suite -->
</testng-results>
