<?xml version="1.0" encoding="UTF-8"?>
<!-- Generated by org.testng.reporters.JUnitXMLReporter -->
<testsuite hostname="SLB-DW752X2" ignored="1" name="Personal Loan" tests="17" failures="8" timestamp="2020-06-24T00:04:37 IST" time="4.865" errors="0">
  <testcase name="C" time="0.0" classname="T.Alphabetic">
    <failure type="org.testng.TestNGException" message="
Parameter &amp;apos;URL&amp;apos; is required by @Test on method C but has not been marked @Optional or defined
in C:\Users\Mpandey9\eclipse-workspace\Selenium_Framework\testng.xml">
      <![CDATA[org.testng.TestNGException: 
Parameter 'URL' is required by @Test on method C but has not been marked @Optional or defined
in C:\Users\Mpandey9\eclipse-workspace\Selenium_Framework\testng.xml
at java.util.ArrayList.forEach(Unknown Source)
... Removed 26 stack frames]]>
    </failure>
  </testcase> <!-- C -->
  <testcase name="PloanMobileLogin" time="0.001" classname="T.PLoan"/>
  <testcase name="Smoke3" time="0.001" classname="T.PLoan"/>
  <testcase name="A" time="0.0" classname="T.Alphabetic">
    <skipped/>
  </testcase> <!-- A -->
  <testcase name="B" time="0.0" classname="T.Alphabetic">
    <skipped/>
  </testcase> <!-- B -->
  <testcase name="CheckBoxPractise" time="1.649" classname="T.CheckBox_Practise">
    <failure type="org.openqa.selenium.SessionNotCreatedException" message="session not created: This version of ChromeDriver only supports Chrome version 80
Build info: version: &amp;apos;3.141.59&amp;apos;, revision: &amp;apos;e82be7d358&amp;apos;, time: &amp;apos;2018-11-14T08:25:48&amp;apos;
System info: host: &amp;apos;SLB-DW752X2&amp;apos;, ip: &amp;apos;100.81.173.115&amp;apos;, os.name: &amp;apos;Windows 10&amp;apos;, os.arch: &amp;apos;amd64&amp;apos;, os.version: &amp;apos;10.0&amp;apos;, java.version: &amp;apos;1.8.0_231&amp;apos;
Driver info: driver.version: ChromeDriver
remote stacktrace: Backtrace:
	Ordinal0 [0x00380AE3+1706723]
	Ordinal0 [0x002E68C1+1075393]
	Ordinal0 [0x0025DFA9+516009]
	Ordinal0 [0x001F0554+66900]
	Ordinal0 [0x001ECCE2+52450]
	Ordinal0 [0x0020BFD7+180183]
	Ordinal0 [0x0020BDDD+179677]
	Ordinal0 [0x00209D4B+171339]
	Ordinal0 [0x001F1D4A+73034]
	Ordinal0 [0x001F2DC0+77248]
	Ordinal0 [0x001F2D59+77145]
	Ordinal0 [0x002FBB37+1162039]
	GetHandleVerifier [0x0041A7C6+508998]
	GetHandleVerifier [0x0041A504+508292]
	GetHandleVerifier [0x0042F617+594583]
	GetHandleVerifier [0x0041B036+511158]
	Ordinal0 [0x002F3FFC+1130492]
	Ordinal0 [0x002FD49B+1168539]
	Ordinal0 [0x002FD603+1168899]
	Ordinal0 [0x00315B05+1268485]
	BaseThreadInitThunk [0x73EE8494+36]
	RtlAreBitsSet [0x77604328+136]
	RtlAreBitsSet [0x776042F8+88]
">
      <![CDATA[org.openqa.selenium.SessionNotCreatedException: session not created: This version of ChromeDriver only supports Chrome version 80
Build info: version: '3.141.59', revision: 'e82be7d358', time: '2018-11-14T08:25:48'
System info: host: 'SLB-DW752X2', ip: '100.81.173.115', os.name: 'Windows 10', os.arch: 'amd64', os.version: '10.0', java.version: '1.8.0_231'
Driver info: driver.version: ChromeDriver
remote stacktrace: Backtrace:
Ordinal0 [0x00380AE3+1706723]
Ordinal0 [0x002E68C1+1075393]
Ordinal0 [0x0025DFA9+516009]
Ordinal0 [0x001F0554+66900]
Ordinal0 [0x001ECCE2+52450]
Ordinal0 [0x0020BFD7+180183]
Ordinal0 [0x0020BDDD+179677]
Ordinal0 [0x00209D4B+171339]
Ordinal0 [0x001F1D4A+73034]
Ordinal0 [0x001F2DC0+77248]
Ordinal0 [0x001F2D59+77145]
Ordinal0 [0x002FBB37+1162039]
GetHandleVerifier [0x0041A7C6+508998]
GetHandleVerifier [0x0041A504+508292]
GetHandleVerifier [0x0042F617+594583]
GetHandleVerifier [0x0041B036+511158]
Ordinal0 [0x002F3FFC+1130492]
Ordinal0 [0x002FD49B+1168539]
Ordinal0 [0x002FD603+1168899]
Ordinal0 [0x00315B05+1268485]
BaseThreadInitThunk [0x73EE8494+36]
RtlAreBitsSet [0x77604328+136]
RtlAreBitsSet [0x776042F8+88]

at org.openqa.selenium.remote.W3CHandshakeResponse.lambda$errorHandler$0(W3CHandshakeResponse.java:62)
at org.openqa.selenium.remote.HandshakeResponse.lambda$getResponseFunction$0(HandshakeResponse.java:30)
at org.openqa.selenium.remote.ProtocolHandshake.lambda$createSession$0(ProtocolHandshake.java:126)
at java.util.stream.ReferencePipeline$3$1.accept(Unknown Source)
at java.util.Spliterators$ArraySpliterator.tryAdvance(Unknown Source)
at java.util.stream.ReferencePipeline.forEachWithCancel(Unknown Source)
at java.util.stream.AbstractPipeline.copyIntoWithCancel(Unknown Source)
at java.util.stream.AbstractPipeline.copyInto(Unknown Source)
at java.util.stream.AbstractPipeline.wrapAndCopyInto(Unknown Source)
at java.util.stream.FindOps$FindOp.evaluateSequential(Unknown Source)
at java.util.stream.AbstractPipeline.evaluate(Unknown Source)
at java.util.stream.ReferencePipeline.findFirst(Unknown Source)
at org.openqa.selenium.remote.ProtocolHandshake.createSession(ProtocolHandshake.java:128)
at org.openqa.selenium.remote.ProtocolHandshake.createSession(ProtocolHandshake.java:74)
at org.openqa.selenium.remote.HttpCommandExecutor.execute(HttpCommandExecutor.java:136)
at org.openqa.selenium.remote.service.DriverCommandExecutor.execute(DriverCommandExecutor.java:83)
at org.openqa.selenium.remote.RemoteWebDriver.execute(RemoteWebDriver.java:552)
at org.openqa.selenium.remote.RemoteWebDriver.startSession(RemoteWebDriver.java:213)
at org.openqa.selenium.remote.RemoteWebDriver.<init>(RemoteWebDriver.java:131)
at org.openqa.selenium.chrome.ChromeDriver.<init>(ChromeDriver.java:181)
at org.openqa.selenium.chrome.ChromeDriver.<init>(ChromeDriver.java:168)
at org.openqa.selenium.chrome.ChromeDriver.<init>(ChromeDriver.java:123)
at T.CheckBox_Practise.CheckBoxPractise(CheckBox_Practise.java:21)
at java.util.ArrayList.forEach(Unknown Source)
... Removed 31 stack frames]]>
    </failure>
  </testcase> <!-- CheckBoxPractise -->
  <testcase name="HandleChildWindows" time="1.054" classname="T.ChildWindow_WindowHandler">
    <failure type="org.openqa.selenium.SessionNotCreatedException" message="session not created: This version of ChromeDriver only supports Chrome version 80
Build info: version: &amp;apos;3.141.59&amp;apos;, revision: &amp;apos;e82be7d358&amp;apos;, time: &amp;apos;2018-11-14T08:25:48&amp;apos;
System info: host: &amp;apos;SLB-DW752X2&amp;apos;, ip: &amp;apos;100.81.173.115&amp;apos;, os.name: &amp;apos;Windows 10&amp;apos;, os.arch: &amp;apos;amd64&amp;apos;, os.version: &amp;apos;10.0&amp;apos;, java.version: &amp;apos;1.8.0_231&amp;apos;
Driver info: driver.version: ChromeDriver
remote stacktrace: Backtrace:
	Ordinal0 [0x00380AE3+1706723]
	Ordinal0 [0x002E68C1+1075393]
	Ordinal0 [0x0025DFA9+516009]
	Ordinal0 [0x001F0554+66900]
	Ordinal0 [0x001ECCE2+52450]
	Ordinal0 [0x0020BFD7+180183]
	Ordinal0 [0x0020BDDD+179677]
	Ordinal0 [0x00209D4B+171339]
	Ordinal0 [0x001F1D4A+73034]
	Ordinal0 [0x001F2DC0+77248]
	Ordinal0 [0x001F2D59+77145]
	Ordinal0 [0x002FBB37+1162039]
	GetHandleVerifier [0x0041A7C6+508998]
	GetHandleVerifier [0x0041A504+508292]
	GetHandleVerifier [0x0042F617+594583]
	GetHandleVerifier [0x0041B036+511158]
	Ordinal0 [0x002F3FFC+1130492]
	Ordinal0 [0x002FD49B+1168539]
	Ordinal0 [0x002FD603+1168899]
	Ordinal0 [0x00315B05+1268485]
	BaseThreadInitThunk [0x73EE8494+36]
	RtlAreBitsSet [0x77604328+136]
	RtlAreBitsSet [0x776042F8+88]
">
      <![CDATA[org.openqa.selenium.SessionNotCreatedException: session not created: This version of ChromeDriver only supports Chrome version 80
Build info: version: '3.141.59', revision: 'e82be7d358', time: '2018-11-14T08:25:48'
System info: host: 'SLB-DW752X2', ip: '100.81.173.115', os.name: 'Windows 10', os.arch: 'amd64', os.version: '10.0', java.version: '1.8.0_231'
Driver info: driver.version: ChromeDriver
remote stacktrace: Backtrace:
Ordinal0 [0x00380AE3+1706723]
Ordinal0 [0x002E68C1+1075393]
Ordinal0 [0x0025DFA9+516009]
Ordinal0 [0x001F0554+66900]
Ordinal0 [0x001ECCE2+52450]
Ordinal0 [0x0020BFD7+180183]
Ordinal0 [0x0020BDDD+179677]
Ordinal0 [0x00209D4B+171339]
Ordinal0 [0x001F1D4A+73034]
Ordinal0 [0x001F2DC0+77248]
Ordinal0 [0x001F2D59+77145]
Ordinal0 [0x002FBB37+1162039]
GetHandleVerifier [0x0041A7C6+508998]
GetHandleVerifier [0x0041A504+508292]
GetHandleVerifier [0x0042F617+594583]
GetHandleVerifier [0x0041B036+511158]
Ordinal0 [0x002F3FFC+1130492]
Ordinal0 [0x002FD49B+1168539]
Ordinal0 [0x002FD603+1168899]
Ordinal0 [0x00315B05+1268485]
BaseThreadInitThunk [0x73EE8494+36]
RtlAreBitsSet [0x77604328+136]
RtlAreBitsSet [0x776042F8+88]

at org.openqa.selenium.remote.W3CHandshakeResponse.lambda$errorHandler$0(W3CHandshakeResponse.java:62)
at org.openqa.selenium.remote.HandshakeResponse.lambda$getResponseFunction$0(HandshakeResponse.java:30)
at org.openqa.selenium.remote.ProtocolHandshake.lambda$createSession$0(ProtocolHandshake.java:126)
at java.util.stream.ReferencePipeline$3$1.accept(Unknown Source)
at java.util.Spliterators$ArraySpliterator.tryAdvance(Unknown Source)
at java.util.stream.ReferencePipeline.forEachWithCancel(Unknown Source)
at java.util.stream.AbstractPipeline.copyIntoWithCancel(Unknown Source)
at java.util.stream.AbstractPipeline.copyInto(Unknown Source)
at java.util.stream.AbstractPipeline.wrapAndCopyInto(Unknown Source)
at java.util.stream.FindOps$FindOp.evaluateSequential(Unknown Source)
at java.util.stream.AbstractPipeline.evaluate(Unknown Source)
at java.util.stream.ReferencePipeline.findFirst(Unknown Source)
at org.openqa.selenium.remote.ProtocolHandshake.createSession(ProtocolHandshake.java:128)
at org.openqa.selenium.remote.ProtocolHandshake.createSession(ProtocolHandshake.java:74)
at org.openqa.selenium.remote.HttpCommandExecutor.execute(HttpCommandExecutor.java:136)
at org.openqa.selenium.remote.service.DriverCommandExecutor.execute(DriverCommandExecutor.java:83)
at org.openqa.selenium.remote.RemoteWebDriver.execute(RemoteWebDriver.java:552)
at org.openqa.selenium.remote.RemoteWebDriver.startSession(RemoteWebDriver.java:213)
at org.openqa.selenium.remote.RemoteWebDriver.<init>(RemoteWebDriver.java:131)
at org.openqa.selenium.chrome.ChromeDriver.<init>(ChromeDriver.java:181)
at org.openqa.selenium.chrome.ChromeDriver.<init>(ChromeDriver.java:168)
at org.openqa.selenium.chrome.ChromeDriver.<init>(ChromeDriver.java:123)
at T.ChildWindow_WindowHandler.HandleChildWindows(ChildWindow_WindowHandler.java:21)
at java.util.ArrayList.forEach(Unknown Source)
... Removed 31 stack frames]]>
    </failure>
  </testcase> <!-- HandleChildWindows -->
  <testcase name="CloanAPILogin" time="0.001" classname="T.CLoan"/>
  <testcase name="CloanMLogin" time="0.001" classname="T.CLoan"/>
  <testcase name="CloanWLogin" time="0.001" classname="T.CLoan"/>
  <testcase name="Smoke1" time="0.001" classname="T.CLoan"/>
  <testcase name="LogIn" time="1.069" classname="T.DataDriving">
    <failure type="org.openqa.selenium.SessionNotCreatedException" message="session not created: This version of ChromeDriver only supports Chrome version 80
Build info: version: &amp;apos;3.141.59&amp;apos;, revision: &amp;apos;e82be7d358&amp;apos;, time: &amp;apos;2018-11-14T08:25:48&amp;apos;
System info: host: &amp;apos;SLB-DW752X2&amp;apos;, ip: &amp;apos;100.81.173.115&amp;apos;, os.name: &amp;apos;Windows 10&amp;apos;, os.arch: &amp;apos;amd64&amp;apos;, os.version: &amp;apos;10.0&amp;apos;, java.version: &amp;apos;1.8.0_231&amp;apos;
Driver info: driver.version: ChromeDriver
remote stacktrace: Backtrace:
	Ordinal0 [0x00380AE3+1706723]
	Ordinal0 [0x002E68C1+1075393]
	Ordinal0 [0x0025DFA9+516009]
	Ordinal0 [0x001F0554+66900]
	Ordinal0 [0x001ECCE2+52450]
	Ordinal0 [0x0020BFD7+180183]
	Ordinal0 [0x0020BDDD+179677]
	Ordinal0 [0x00209D4B+171339]
	Ordinal0 [0x001F1D4A+73034]
	Ordinal0 [0x001F2DC0+77248]
	Ordinal0 [0x001F2D59+77145]
	Ordinal0 [0x002FBB37+1162039]
	GetHandleVerifier [0x0041A7C6+508998]
	GetHandleVerifier [0x0041A504+508292]
	GetHandleVerifier [0x0042F617+594583]
	GetHandleVerifier [0x0041B036+511158]
	Ordinal0 [0x002F3FFC+1130492]
	Ordinal0 [0x002FD49B+1168539]
	Ordinal0 [0x002FD603+1168899]
	Ordinal0 [0x00315B05+1268485]
	BaseThreadInitThunk [0x73EE8494+36]
	RtlAreBitsSet [0x77604328+136]
	RtlAreBitsSet [0x776042F8+88]
">
      <![CDATA[org.openqa.selenium.SessionNotCreatedException: session not created: This version of ChromeDriver only supports Chrome version 80
Build info: version: '3.141.59', revision: 'e82be7d358', time: '2018-11-14T08:25:48'
System info: host: 'SLB-DW752X2', ip: '100.81.173.115', os.name: 'Windows 10', os.arch: 'amd64', os.version: '10.0', java.version: '1.8.0_231'
Driver info: driver.version: ChromeDriver
remote stacktrace: Backtrace:
Ordinal0 [0x00380AE3+1706723]
Ordinal0 [0x002E68C1+1075393]
Ordinal0 [0x0025DFA9+516009]
Ordinal0 [0x001F0554+66900]
Ordinal0 [0x001ECCE2+52450]
Ordinal0 [0x0020BFD7+180183]
Ordinal0 [0x0020BDDD+179677]
Ordinal0 [0x00209D4B+171339]
Ordinal0 [0x001F1D4A+73034]
Ordinal0 [0x001F2DC0+77248]
Ordinal0 [0x001F2D59+77145]
Ordinal0 [0x002FBB37+1162039]
GetHandleVerifier [0x0041A7C6+508998]
GetHandleVerifier [0x0041A504+508292]
GetHandleVerifier [0x0042F617+594583]
GetHandleVerifier [0x0041B036+511158]
Ordinal0 [0x002F3FFC+1130492]
Ordinal0 [0x002FD49B+1168539]
Ordinal0 [0x002FD603+1168899]
Ordinal0 [0x00315B05+1268485]
BaseThreadInitThunk [0x73EE8494+36]
RtlAreBitsSet [0x77604328+136]
RtlAreBitsSet [0x776042F8+88]

at org.openqa.selenium.remote.W3CHandshakeResponse.lambda$errorHandler$0(W3CHandshakeResponse.java:62)
at org.openqa.selenium.remote.HandshakeResponse.lambda$getResponseFunction$0(HandshakeResponse.java:30)
at org.openqa.selenium.remote.ProtocolHandshake.lambda$createSession$0(ProtocolHandshake.java:126)
at java.util.stream.ReferencePipeline$3$1.accept(Unknown Source)
at java.util.Spliterators$ArraySpliterator.tryAdvance(Unknown Source)
at java.util.stream.ReferencePipeline.forEachWithCancel(Unknown Source)
at java.util.stream.AbstractPipeline.copyIntoWithCancel(Unknown Source)
at java.util.stream.AbstractPipeline.copyInto(Unknown Source)
at java.util.stream.AbstractPipeline.wrapAndCopyInto(Unknown Source)
at java.util.stream.FindOps$FindOp.evaluateSequential(Unknown Source)
at java.util.stream.AbstractPipeline.evaluate(Unknown Source)
at java.util.stream.ReferencePipeline.findFirst(Unknown Source)
at org.openqa.selenium.remote.ProtocolHandshake.createSession(ProtocolHandshake.java:128)
at org.openqa.selenium.remote.ProtocolHandshake.createSession(ProtocolHandshake.java:74)
at org.openqa.selenium.remote.HttpCommandExecutor.execute(HttpCommandExecutor.java:136)
at org.openqa.selenium.remote.service.DriverCommandExecutor.execute(DriverCommandExecutor.java:83)
at org.openqa.selenium.remote.RemoteWebDriver.execute(RemoteWebDriver.java:552)
at org.openqa.selenium.remote.RemoteWebDriver.startSession(RemoteWebDriver.java:213)
at org.openqa.selenium.remote.RemoteWebDriver.<init>(RemoteWebDriver.java:131)
at org.openqa.selenium.chrome.ChromeDriver.<init>(ChromeDriver.java:181)
at org.openqa.selenium.chrome.ChromeDriver.<init>(ChromeDriver.java:168)
at org.openqa.selenium.chrome.ChromeDriver.<init>(ChromeDriver.java:123)
at T.DataDriving.LogIn(DataDriving.java:28)
at java.util.ArrayList.forEach(Unknown Source)
... Removed 31 stack frames]]>
    </failure>
  </testcase> <!-- LogIn -->
  <testcase name="launchGoogle" time="0.001" classname="T.DataDriving">
    <failure type="java.lang.NullPointerException">
      <![CDATA[java.lang.NullPointerException
at T.DataDriving.launchGoogle(DataDriving.java:48)
at java.util.ArrayList.forEach(Unknown Source)
... Removed 27 stack frames]]>
    </failure>
  </testcase> <!-- launchGoogle -->
  <testcase name="LogIn" time="1.051" classname="T.DataDriving">
    <failure type="org.openqa.selenium.SessionNotCreatedException" message="session not created: This version of ChromeDriver only supports Chrome version 80
Build info: version: &amp;apos;3.141.59&amp;apos;, revision: &amp;apos;e82be7d358&amp;apos;, time: &amp;apos;2018-11-14T08:25:48&amp;apos;
System info: host: &amp;apos;SLB-DW752X2&amp;apos;, ip: &amp;apos;100.81.173.115&amp;apos;, os.name: &amp;apos;Windows 10&amp;apos;, os.arch: &amp;apos;amd64&amp;apos;, os.version: &amp;apos;10.0&amp;apos;, java.version: &amp;apos;1.8.0_231&amp;apos;
Driver info: driver.version: ChromeDriver
remote stacktrace: Backtrace:
	Ordinal0 [0x00380AE3+1706723]
	Ordinal0 [0x002E68C1+1075393]
	Ordinal0 [0x0025DFA9+516009]
	Ordinal0 [0x001F0554+66900]
	Ordinal0 [0x001ECCE2+52450]
	Ordinal0 [0x0020BFD7+180183]
	Ordinal0 [0x0020BDDD+179677]
	Ordinal0 [0x00209D4B+171339]
	Ordinal0 [0x001F1D4A+73034]
	Ordinal0 [0x001F2DC0+77248]
	Ordinal0 [0x001F2D59+77145]
	Ordinal0 [0x002FBB37+1162039]
	GetHandleVerifier [0x0041A7C6+508998]
	GetHandleVerifier [0x0041A504+508292]
	GetHandleVerifier [0x0042F617+594583]
	GetHandleVerifier [0x0041B036+511158]
	Ordinal0 [0x002F3FFC+1130492]
	Ordinal0 [0x002FD49B+1168539]
	Ordinal0 [0x002FD603+1168899]
	Ordinal0 [0x00315B05+1268485]
	BaseThreadInitThunk [0x73EE8494+36]
	RtlAreBitsSet [0x77604328+136]
	RtlAreBitsSet [0x776042F8+88]
">
      <![CDATA[org.openqa.selenium.SessionNotCreatedException: session not created: This version of ChromeDriver only supports Chrome version 80
Build info: version: '3.141.59', revision: 'e82be7d358', time: '2018-11-14T08:25:48'
System info: host: 'SLB-DW752X2', ip: '100.81.173.115', os.name: 'Windows 10', os.arch: 'amd64', os.version: '10.0', java.version: '1.8.0_231'
Driver info: driver.version: ChromeDriver
remote stacktrace: Backtrace:
Ordinal0 [0x00380AE3+1706723]
Ordinal0 [0x002E68C1+1075393]
Ordinal0 [0x0025DFA9+516009]
Ordinal0 [0x001F0554+66900]
Ordinal0 [0x001ECCE2+52450]
Ordinal0 [0x0020BFD7+180183]
Ordinal0 [0x0020BDDD+179677]
Ordinal0 [0x00209D4B+171339]
Ordinal0 [0x001F1D4A+73034]
Ordinal0 [0x001F2DC0+77248]
Ordinal0 [0x001F2D59+77145]
Ordinal0 [0x002FBB37+1162039]
GetHandleVerifier [0x0041A7C6+508998]
GetHandleVerifier [0x0041A504+508292]
GetHandleVerifier [0x0042F617+594583]
GetHandleVerifier [0x0041B036+511158]
Ordinal0 [0x002F3FFC+1130492]
Ordinal0 [0x002FD49B+1168539]
Ordinal0 [0x002FD603+1168899]
Ordinal0 [0x00315B05+1268485]
BaseThreadInitThunk [0x73EE8494+36]
RtlAreBitsSet [0x77604328+136]
RtlAreBitsSet [0x776042F8+88]

at org.openqa.selenium.remote.W3CHandshakeResponse.lambda$errorHandler$0(W3CHandshakeResponse.java:62)
at org.openqa.selenium.remote.HandshakeResponse.lambda$getResponseFunction$0(HandshakeResponse.java:30)
at org.openqa.selenium.remote.ProtocolHandshake.lambda$createSession$0(ProtocolHandshake.java:126)
at java.util.stream.ReferencePipeline$3$1.accept(Unknown Source)
at java.util.Spliterators$ArraySpliterator.tryAdvance(Unknown Source)
at java.util.stream.ReferencePipeline.forEachWithCancel(Unknown Source)
at java.util.stream.AbstractPipeline.copyIntoWithCancel(Unknown Source)
at java.util.stream.AbstractPipeline.copyInto(Unknown Source)
at java.util.stream.AbstractPipeline.wrapAndCopyInto(Unknown Source)
at java.util.stream.FindOps$FindOp.evaluateSequential(Unknown Source)
at java.util.stream.AbstractPipeline.evaluate(Unknown Source)
at java.util.stream.ReferencePipeline.findFirst(Unknown Source)
at org.openqa.selenium.remote.ProtocolHandshake.createSession(ProtocolHandshake.java:128)
at org.openqa.selenium.remote.ProtocolHandshake.createSession(ProtocolHandshake.java:74)
at org.openqa.selenium.remote.HttpCommandExecutor.execute(HttpCommandExecutor.java:136)
at org.openqa.selenium.remote.service.DriverCommandExecutor.execute(DriverCommandExecutor.java:83)
at org.openqa.selenium.remote.RemoteWebDriver.execute(RemoteWebDriver.java:552)
at org.openqa.selenium.remote.RemoteWebDriver.startSession(RemoteWebDriver.java:213)
at org.openqa.selenium.remote.RemoteWebDriver.<init>(RemoteWebDriver.java:131)
at org.openqa.selenium.chrome.ChromeDriver.<init>(ChromeDriver.java:181)
at org.openqa.selenium.chrome.ChromeDriver.<init>(ChromeDriver.java:168)
at org.openqa.selenium.chrome.ChromeDriver.<init>(ChromeDriver.java:123)
at T.DataDriving.LogIn(DataDriving.java:28)
at java.util.ArrayList.forEach(Unknown Source)
... Removed 31 stack frames]]>
    </failure>
  </testcase> <!-- LogIn -->
  <testcase name="launchGoogle" time="0.001" classname="T.DataDriving">
    <failure type="java.lang.NullPointerException">
      <![CDATA[java.lang.NullPointerException
at T.DataDriving.launchGoogle(DataDriving.java:48)
at java.util.ArrayList.forEach(Unknown Source)
... Removed 27 stack frames]]>
    </failure>
  </testcase> <!-- launchGoogle -->
  <testcase name="Title" time="0.001" classname="T.GetTitle">
    <failure type="java.lang.NullPointerException">
      <![CDATA[java.lang.NullPointerException
at T.GetTitle.Title(GetTitle.java:18)
at java.util.ArrayList.forEach(Unknown Source)
... Removed 27 stack frames]]>
    </failure>
  </testcase> <!-- Title -->
  <testcase name="Smok2" time="0.0" classname="T.HLoan"/>
  <testcase name="D" time="0.0" classname="T.Alphabetic">
    <ignored/>
  </testcase> <!-- D -->
</testsuite> <!-- Personal Loan -->
